MegaDot v4.5.1.m.9.mono.custom_build - https://godotengine.org
D3D12 12_0 - Forward+ - Using Device #0: Intel - Intel(R) UHD Graphics 615
WARNING: PSO caching is not implemented yet in the Direct3D 12 driver.
   at: pipeline_cache_create (drivers/d3d12/rendering_device_driver_d3d12.cpp:4467)

FMOD Sound System: Successfully initialized
[INFO] Found release_info.json at: C:\Program Files (x86)\Steam\steamapps\common\Slay the Spire 2\release_info.json
[INFO] [Sentry.NET] Initialized: env=development, release=v0.103.2
[INFO] Steamworks: attempting initialization...
[INFO] Steam is running: True
[INFO] Steamworks initialization succeeded!
[INFO] Steam is enabled, we will write saves to steam storage. Enabled for account: True, app: True 
[INFO] Registered 11 migrations
[INFO] Current save versions: PrefsSave v2; ProfileSave v2; SerializableProgress v21; RunHistory v9; SerializableRun v16; SettingsSave v5
[INFO] Found mod manifest file C:\Program Files (x86)\Steam\steamapps\common\Slay the Spire 2\mods\AnimeWaifuSilent\AnimeWaifuSilent.json
[INFO] Found mod manifest file C:\Program Files (x86)\Steam\steamapps\common\Slay the Spire 2\mods\BaseLib\BaseLib.json
[INFO] Found mod manifest file C:\Program Files (x86)\Steam\steamapps\common\Slay the Spire 2\mods\RegentFemPortraits\RegentFemPortraits.json
[INFO] Loading assembly DLL C:\Program Files (x86)\Steam\steamapps\common\Slay the Spire 2\mods\AnimeWaifuSilent\AnimeWaifuSilent.dll
[INFO] Loading Godot PCK C:\Program Files (x86)\Steam\steamapps\common\Slay the Spire 2\mods\AnimeWaifuSilent\AnimeWaifuSilent.pck
[INFO] Calling initializer method of type AnimeWaifuSilent.AnimeWaifuSilentCode.MainFile for AnimeWaifuSilent, Version=1.0.0.0, Culture=neutral, PublicKeyToken=null
[INFO] [AnimeWaifuSilent] AnimeWaifuSilent has been initialized!
[INFO] Finished mod initialization for 'AnimeWaifuSilent' (AnimeWaifuSilent).
[INFO] Loading assembly DLL C:\Program Files (x86)\Steam\steamapps\common\Slay the Spire 2\mods\BaseLib\BaseLib.dll
[INFO] Loading Godot PCK C:\Program Files (x86)\Steam\steamapps\common\Slay the Spire 2\mods\BaseLib\BaseLib.pck
[INFO] Calling initializer method of type BaseLib.BaseLibMain for BaseLib, Version=3.1.0.0, Culture=neutral, PublicKeyToken=null
[INFO] [BaseLib] Created node factory for Control.
[INFO] [BaseLib] Created node factory for NCreatureVisuals.
[INFO] [BaseLib] Created node factory for NRestSiteCharacter.
[INFO] [BaseLib] Created node factory for NMerchantCharacter.
[INFO] [BaseLib] Created node factory for NEnergyCounter.
[INFO] [BaseLib] Created node factory for NCustomTreasureRoomChest.
[INFO] [BaseLib] Registered config for mod BaseLib
[INFO] [BaseLib] Performing CustomPile patch
[INFO] [BaseLib] Starting PatchAll for assembly BaseLib, Version=3.1.0.0, Culture=neutral, PublicKeyToken=null
[INFO] [BaseLib] Patching StateMachineType: MegaCrit.Sts2.Core.Hooks.Hook+<AfterCardPlayed>d__15
[INFO] [BaseLib] Adding new state 2 for method AfterCardPlayedPatch.BeforeAfterPlayHooks before AfterCardPlayed with result type None ()
[INFO] [BaseLib] Applied 153 patches successfully, 0 failed
[INFO] Finished mod initialization for 'BaseLib' (BaseLib).
[INFO] Loading assembly DLL C:\Program Files (x86)\Steam\steamapps\common\Slay the Spire 2\mods\RegentFemPortraits\RegentFemPortraits.dll
[INFO] Loading Godot PCK C:\Program Files (x86)\Steam\steamapps\common\Slay the Spire 2\mods\RegentFemPortraits\RegentFemPortraits.pck
[INFO] Calling initializer method of type RegentFemPortraits.RegentFemPortraitsCode.MainFile for RegentFemPortraits, Version=1.0.0.0, Culture=neutral, PublicKeyToken=null
[INFO] [RegentFemPortraits] RegentFemPortraits has been initialized!
[INFO] [RegentFemPortraits] [Config] Loaded: 40 normal replacements, 1 ancient replacements
[WARN] [BaseLib] Config RegentFemPortraits.Config.RegentFemConfig has no value for SovereignBladeAncientStyle; will re-save to fill in the default.
[WARN] [BaseLib] Loaded config RegentFemPortraits.Config.RegentFemConfig with some missing or invalid fields.
[WARN] [BaseLib] Saving fresh config for RegentFemPortraits.Config.RegentFemConfig to correct soft errors (missing fields, invalid fields).
[INFO] [BaseLib] Registered config for mod RegentFemPortraits
[INFO] [RegentFemPortraits] [Config] BaseLib config registered
[INFO] Finished mod initialization for '尖塔储君卡图娘化' (RegentFemPortraits).
[INFO]  --- RUNNING MODDED! --- Loaded 3 mods (3 total)
[INFO] Syncing cloud save files to the local save directory
[WARN] Asset not cached: res://scenes/cards/card.tscn
[WARN] Asset not cached: res://scenes/cards/holders/grid_card_holder.tscn
[INFO] AtlasManager: Loaded ui_atlas with 102 sprites
[INFO] AtlasManager: Loaded compressed with 45 sprites
[INFO] [BaseLib] Performing post-mod init patch
[INFO] [BaseLib] Patching act types for custom encounters and events | DeprecatedAct | Glory | Hive | Overgrowth | Underdocks
[INFO] [BaseLib] Generating interop methods and properties
[INFO] [BaseLib] Found 0 SavedSpireFields.
[INFO] Loading locale path=res://localization/eng
[INFO] Found loc table from mod: eng card_keywords.json. Merging with base loc table
[INFO] Found loc table from mod: eng main_menu_ui.json. Merging with base loc table
[INFO] Found loc table from mod: eng powers.json. Merging with base loc table
[INFO] Found loc table from mod: eng settings_ui.json. Merging with base loc table
[INFO] Found loc table from mod: eng settings_ui.json. Merging with base loc table
[INFO] Found loc table from mod: eng static_hover_tips.json. Merging with base loc table
[INFO] Loading locale path=res://localization/zhs
[INFO] Found loc table from mod: zhs main_menu_ui.json. Merging with base loc table
[INFO] Found loc table from mod: zhs powers.json. Merging with base loc table
[INFO] Found loc table from mod: zhs settings_ui.json. Merging with base loc table
[INFO] Found loc table from mod: zhs settings_ui.json. Merging with base loc table
[INFO] Found loc table from mod: zhs static_hover_tips.json. Merging with base loc table
[INFO] [BaseLib] Generated KeyGenerator for enum MegaCrit.Sts2.Core.Entities.Cards.CardKeyword with starting value 8 | IsFlag: False | Half-Size: 16
[INFO] ModelIdSerializationCache initialized. Categories: 19 Entries: 1611 Epochs: 57 Hash: 1357847701
[Sentry.GDExtension] Initialized: env=playtesters, release=v0.103.2
[INFO] Profile-scoped data path initialized: user://steam/76561198992343893/modded/profile1
[INFO] [Sentry.NET] Is running modded
[INFO] [Sentry.NET] Shutting down because event reporting is disabled.
[INFO] [Sentry.NET] Shutting down
[Sentry.GDExtension] Shutting down
[INFO] AtlasManager: Loaded controller_atlas with 112 sprites
[INFO] Applying display settings...
  FULLSCREEN: True
  ASPECT_RATIO: (SixteenByNine)
  TARGET_DISPLAY: (0)
  WINDOW_SIZE: (1920, 1080)
  POSITION: (-1, -1)
[INFO] [Display] Min size: (64, 64) Max size: (16384, 16384)
[INFO] Window changed! New size: (1920, 1061)
[INFO] [Display] Setting FULLSCREEN on Display: 1 of 1
[INFO] Window changed! New size: (1934, 1100)
[INFO] Window changed! New size: (1920, 1080)
[INFO] VSync: Adaptive
[INFO] SteamStatsManager: User stats received
[INFO] SteamStatsManager: Global stats received (found=True), architect damage = 179311091457
[INFO] Wrote 2634 bytes to path=user://steam/76561198992343893/settings.save save_dir=user://steam/76561198992343893
[INFO] Wrote 2634 bytes to settings.save in steam remote store
[INFO] === Godot OS Debug Information ===
Timestamp: 05/02/2026 12:55:12
OS: Windows
OS Version: 10.0.26200
Distribution Name: Windows
Device Model: Surface Go 2
Is Debug Build: False
Is Sandboxed: False
Executable Path: C:/Program Files (x86)/Steam/steamapps/common/Slay the Spire 2/SlayTheSpire2.exe
Data Directory: C:/Users/CHUQI/AppData/Roaming
User Data Directory: C:/Users/CHUQI/AppData/Roaming/SlayTheSpire2
Command Line Args: 
User Command Line Args: 
OS Locale: zh_CN
OS Language: zh
Game Locale: zh_CN
Is UserFS Persistent: True
Is Stdout Verbose: False
Is Low Processor Usage Mode: False
Architecture: x86_64
Engine Version: 4.5.1-m.9 (custom_build)
Is Editor: False
Release Version: v0.103.2
Release Commit: 89765e1e
Release Date: 04/16/2026 21:53:23
Processor Count: 4
Processor Name: Intel(R) Pentium(R) CPU 4425Y @ 1.70GHz
Main assembly hash: 1832700724
Rendering device name: Intel(R) UHD Graphics 615
  Graphics adapter 0: Intel(R) UHD Graphics 615
  version: 31.0.101.0
  Graphics adapter 1: Intel(R) UHD Graphics 615
  version: 31.0.101.0
  Graphics adapter 2: Microsoft Basic Render Driver
  version: 10.0.26100.0
Screen info (primary 0):
  Index 0: Size: (1920, 1080) Orientation: Landscape Scale: 1 DPI: 96 Refresh Rate: 59.94006
Video Memory Used: 0.0B
Memory Info:
  physical: 7.9GB
  free: 2.3GB
  available: 14.5GB
  stack: 8.0MB
  Static Memory Usage: 0.0B
  Static Memory Peak Usage: 0.0B
Important Environment Variables:
  PATH: C:\WINDOWS\system32;C:\WINDOWS;C:\WINDOWS\System32\Wbem;C:\WINDOWS\System32\WindowsPowerShell\v1.0\;C:\WINDOWS\System32\OpenSSH\;%NVM_HOME%;%NVM_SYMLINK%;C:\Program Files\Git\cmd;C:\Program Files\dotnet\;C:\Program Files\PowerShell\7\;C:\Users\CHUQI\AppData\Local\pnpm;C:\Users\CHUQI\AppData\Local\Programs\oh-my-posh\bin\;C:\Users\CHUQI\AppData\Local\Microsoft\WindowsApps;C:\Users\CHUQI\AppData\Local\Programs\Microsoft VS Code\bin;C:\Users\CHUQI\AppData\Local\nvm;C:\nvm4w\nodejs;C:\Users\CHUQI\.dotnet\tools
  GODOT_ROOT_DIR: 
  HOME: 
  DYLD_LIBRARY_PATH: 
  LD_LIBRARY_PATH: 

[INFO] Preloading 'IntroLogo' assets... count=3 vfx=0
[INFO] Preloading 'IntroLogo' Complete: assets=3 time_elapsed=177ms
[INFO] Preloading 'MainMenuEssentials' assets... count=5 vfx=0
[INFO] Preloading 'MainMenuEssentials' Complete: assets=5 time_elapsed=1,187ms
[WARN] Asset not cached: res://debug_audio/SOTE_Logo_Echoing_ShortTail.mp3
[INFO] [Startup] Time to main menu (Godot ticks): 37178ms
[WARN] Asset not cached: res://images/ui/top_panel/character_icon_regent.png
[INFO] [Startup] Time to main menu: 38,682ms
[INFO] [Startup] Resource stats (main menu loaded (essential)): StaticMem=0B, VRAM=419.1MB, Objects=8,689, Resources=677, Nodes=1,584, CachedAssets=11
[INFO] AtlasManager: Loaded epoch_atlas with 57 sprites
[INFO] AtlasManager: Loaded relic_atlas with 341 sprites
[INFO] AtlasManager: Loaded relic_outline_atlas with 341 sprites
[INFO] AtlasManager: Loaded power_atlas with 266 sprites
[INFO] AtlasManager: Loaded card_atlas with 864 sprites
[INFO] AtlasManager: Loaded potion_atlas with 63 sprites
[INFO] AtlasManager: Loaded potion_outline_atlas with 63 sprites
[INFO] AtlasManager: Loaded stats_screen_atlas with 16 sprites
[INFO] AtlasManager: Loaded intent_atlas with 310 sprites
[INFO] AtlasManager: Loaded era_atlas with 27 sprites
[INFO] Unloading 4 missed cache assets
[INFO] Preloading 'Common' assets... count=683 vfx=86
[INFO] [Startup] Resource stats (main menu loaded (complete)): StaticMem=0B, VRAM=653.8MB, Objects=8,676, Resources=676, Nodes=1,582, CachedAssets=5
[WARN] Asset not cached: res://scenes/ui/scrollbar.tscn
[WARN] Asset not cached: res://themes/kreon_regular_shared.tres
[WARN] Asset not cached: res://themes/kreon_bold_shared.tres
[WARN] Asset not cached: res://themes/settings_screen_line_header.tres
[WARN] Asset not cached: res://themes/kreon_regular_glyph_space_one.tres
[WARN] Asset not cached: res://scenes/ui/back_button.tscn
[INFO] [BaseLib] Setting up SimpleModConfig RegentFemPortraits.Config.RegentFemConfig
[WARN] Asset not cached: res://scenes/screens/settings_tickbox.tscn
[WARN] [BaseLib] REGENTFEMPORTRAITS-SOVEREIGN_BLADE_ANCIENT_STYLE.hover.desc not found in settings_ui.json; skipping HoverTip.
[WARN] Asset not cached: res://BaseLib/images/config/configbutton.png
[WARN] Asset not cached: res://themes/kreon_bold_glyph_space_two.tres
[WARN] Asset not cached: res://scenes/ui/selection_reticle.tscn
[INFO] Preloading 'Common' Complete: assets=769 time_elapsed=10,908ms
[WARN] Asset not cached: res://scenes/screens/compendium_submenu.tscn
[INFO] [AnimeWaifuSilent] [Debug] CardModel.Portrait Getter accessed for: StrikeIronclad
[INFO] [AnimeWaifuSilent] [Debug] CardModel.Portrait Getter accessed for: StrikeIronclad
[INFO] [AnimeWaifuSilent] [Debug] CardModel.Portrait Getter accessed for: StrikeIronclad
[INFO] [AnimeWaifuSilent] [Debug] CardModel.Portrait Getter accessed for: StrikeIronclad
[INFO] [AnimeWaifuSilent] [Debug] CardModel.Portrait Getter accessed for: StrikeIronclad
[INFO] [AnimeWaifuSilent] [Debug] CardModel.Portrait Getter accessed for: StrikeIronclad
[INFO] [AnimeWaifuSilent] [Debug] CardModel.Portrait Getter accessed for: StrikeIronclad
[INFO] [AnimeWaifuSilent] [Debug] CardModel.Portrait Getter accessed for: Bash
[INFO] [AnimeWaifuSilent] [Debug] CardModel.Portrait Getter accessed for: Bash
[INFO] [AnimeWaifuSilent] [Debug] CardModel.Portrait Getter accessed for: Bash
[INFO] [AnimeWaifuSilent] [Debug] CardModel.Portrait Getter accessed for: Bash
[INFO] [AnimeWaifuSilent] [Debug] CardModel.Portrait Getter accessed for: Bash
[INFO] [AnimeWaifuSilent] [Debug] CardModel.Portrait Getter accessed for: Bash
[INFO] [AnimeWaifuSilent] [Debug] CardModel.Portrait Getter accessed for: Bash
[INFO] [AnimeWaifuSilent] [Debug] CardModel.Portrait Getter accessed for: DefendIronclad
[INFO] [AnimeWaifuSilent] [Debug] CardModel.Portrait Getter accessed for: DefendIronclad
[INFO] [AnimeWaifuSilent] [Debug] CardModel.Portrait Getter accessed for: DefendIronclad
[INFO] [AnimeWaifuSilent] [Debug] CardModel.Portrait Getter accessed for: DefendIronclad
[INFO] [AnimeWaifuSilent] [Debug] CardModel.Portrait Getter accessed for: DefendIronclad
[INFO] [AnimeWaifuSilent] [Debug] CardModel.Portrait Getter accessed for: DefendIronclad
[INFO] [AnimeWaifuSilent] [Debug] CardModel.Portrait Getter accessed for: DefendIronclad
[INFO] [AnimeWaifuSilent] [Debug] CardModel.Portrait Getter accessed for: Anger
[INFO] [AnimeWaifuSilent] [Debug] CardModel.Portrait Getter accessed for: Anger
[INFO] [AnimeWaifuSilent] [Debug] CardModel.Portrait Getter accessed for: Anger
[INFO] [AnimeWaifuSilent] [Debug] CardModel.Portrait Getter accessed for: Anger
[INFO] [AnimeWaifuSilent] [Debug] CardModel.Portrait Getter accessed for: Anger
[INFO] [AnimeWaifuSilent] [Debug] CardModel.Portrait Getter accessed for: Anger
[INFO] [AnimeWaifuSilent] [Debug] CardModel.Portrait Getter accessed for: Anger
[INFO] [AnimeWaifuSilent] [Debug] CardModel.Portrait Getter accessed for: SwordBoomerang
[INFO] [AnimeWaifuSilent] [Debug] CardModel.Portrait Getter accessed for: SwordBoomerang
[INFO] [AnimeWaifuSilent] [Debug] CardModel.Portrait Getter accessed for: SwordBoomerang
[INFO] [AnimeWaifuSilent] [Debug] CardModel.Portrait Getter accessed for: SwordBoomerang
[INFO] [AnimeWaifuSilent] [Debug] CardModel.Portrait Getter accessed for: SwordBoomerang
[INFO] [AnimeWaifuSilent] [Debug] CardModel.Portrait Getter accessed for: SwordBoomerang
[INFO] [AnimeWaifuSilent] [Debug] CardModel.Portrait Getter accessed for: SwordBoomerang
[INFO] [AnimeWaifuSilent] [Debug] CardModel.Portrait Getter accessed for: PommelStrike
[INFO] [AnimeWaifuSilent] [Debug] CardModel.Portrait Getter accessed for: PommelStrike
[INFO] [AnimeWaifuSilent] [Debug] CardModel.Portrait Getter accessed for: PommelStrike
[INFO] [AnimeWaifuSilent] [Debug] CardModel.Portrait Getter accessed for: PommelStrike
[INFO] [AnimeWaifuSilent] [Debug] CardModel.Portrait Getter accessed for: PommelStrike
[INFO] [AnimeWaifuSilent] [Debug] CardModel.Portrait Getter accessed for: PommelStrike
[INFO] [AnimeWaifuSilent] [Debug] CardModel.Portrait Getter accessed for: PommelStrike
[INFO] [AnimeWaifuSilent] [Debug] CardModel.Portrait Getter accessed for: BodySlam
[INFO] [AnimeWaifuSilent] [Debug] CardModel.Portrait Getter accessed for: BodySlam
[INFO] [AnimeWaifuSilent] [Debug] CardModel.Portrait Getter accessed for: BodySlam
[INFO] [AnimeWaifuSilent] [Debug] CardModel.Portrait Getter accessed for: BodySlam
[INFO] [AnimeWaifuSilent] [Debug] CardModel.Portrait Getter accessed for: BodySlam
[INFO] [AnimeWaifuSilent] [Debug] CardModel.Portrait Getter accessed for: BodySlam
[INFO] [AnimeWaifuSilent] [Debug] CardModel.Portrait Getter accessed for: BodySlam
[INFO] [AnimeWaifuSilent] [Debug] CardModel.Portrait Getter accessed for: MoltenFist
[INFO] [AnimeWaifuSilent] [Debug] CardModel.Portrait Getter accessed for: MoltenFist
[INFO] [AnimeWaifuSilent] [Debug] CardModel.Portrait Getter accessed for: MoltenFist
[INFO] [AnimeWaifuSilent] [Debug] CardModel.Portrait Getter accessed for: MoltenFist
[INFO] [AnimeWaifuSilent] [Debug] CardModel.Portrait Getter accessed for: MoltenFist
[INFO] [AnimeWaifuSilent] [Debug] CardModel.Portrait Getter accessed for: MoltenFist
[INFO] [AnimeWaifuSilent] [Debug] CardModel.Portrait Getter accessed for: MoltenFist
[INFO] [AnimeWaifuSilent] [Debug] CardModel.Portrait Getter accessed for: Thunderclap
[INFO] [AnimeWaifuSilent] [Debug] CardModel.Portrait Getter accessed for: Thunderclap
[INFO] [AnimeWaifuSilent] [Debug] CardModel.Portrait Getter accessed for: Thunderclap
[INFO] [AnimeWaifuSilent] [Debug] CardModel.Portrait Getter accessed for: Thunderclap
[INFO] [AnimeWaifuSilent] [Debug] CardModel.Portrait Getter accessed for: Thunderclap
[INFO] [AnimeWaifuSilent] [Debug] CardModel.Portrait Getter accessed for: Thunderclap
[INFO] [AnimeWaifuSilent] [Debug] CardModel.Portrait Getter accessed for: Thunderclap
[INFO] [AnimeWaifuSilent] [Debug] CardModel.Portrait Getter accessed for: TwinStrike
[INFO] [AnimeWaifuSilent] [Debug] CardModel.Portrait Getter accessed for: TwinStrike
[INFO] [AnimeWaifuSilent] [Debug] CardModel.Portrait Getter accessed for: TwinStrike
[INFO] [AnimeWaifuSilent] [Debug] CardModel.Portrait Getter accessed for: TwinStrike
[INFO] [AnimeWaifuSilent] [Debug] CardModel.Portrait Getter accessed for: TwinStrike
[INFO] [AnimeWaifuSilent] [Debug] CardModel.Portrait Getter accessed for: TwinStrike
[INFO] [AnimeWaifuSilent] [Debug] CardModel.Portrait Getter accessed for: TwinStrike
[INFO] [AnimeWaifuSilent] [Debug] CardModel.Portrait Getter accessed for: IronWave
[INFO] [AnimeWaifuSilent] [Debug] CardModel.Portrait Getter accessed for: IronWave
[INFO] [AnimeWaifuSilent] [Debug] CardModel.Portrait Getter accessed for: IronWave
[INFO] [AnimeWaifuSilent] [Debug] CardModel.Portrait Getter accessed for: IronWave
[INFO] [AnimeWaifuSilent] [Debug] CardModel.Portrait Getter accessed for: IronWave
[INFO] [AnimeWaifuSilent] [Debug] CardModel.Portrait Getter accessed for: IronWave
[INFO] [AnimeWaifuSilent] [Debug] CardModel.Portrait Getter accessed for: IronWave
[INFO] [AnimeWaifuSilent] [Debug] CardModel.Portrait Getter accessed for: Headbutt
[INFO] [AnimeWaifuSilent] [Debug] CardModel.Portrait Getter accessed for: Headbutt
[INFO] [AnimeWaifuSilent] [Debug] CardModel.Portrait Getter accessed for: Headbutt
[INFO] [AnimeWaifuSilent] [Debug] CardModel.Portrait Getter accessed for: Headbutt
[INFO] [AnimeWaifuSilent] [Debug] CardModel.Portrait Getter accessed for: Headbutt
[INFO] [AnimeWaifuSilent] [Debug] CardModel.Portrait Getter accessed for: Headbutt
[INFO] [AnimeWaifuSilent] [Debug] CardModel.Portrait Getter accessed for: Headbutt
[INFO] [AnimeWaifuSilent] [Debug] CardModel.Portrait Getter accessed for: Breakthrough
[INFO] [AnimeWaifuSilent] [Debug] CardModel.Portrait Getter accessed for: Breakthrough
[INFO] [AnimeWaifuSilent] [Debug] CardModel.Portrait Getter accessed for: Breakthrough
[INFO] [AnimeWaifuSilent] [Debug] CardModel.Portrait Getter accessed for: Breakthrough
[INFO] [AnimeWaifuSilent] [Debug] CardModel.Portrait Getter accessed for: Breakthrough
[INFO] [AnimeWaifuSilent] [Debug] CardModel.Portrait Getter accessed for: Breakthrough
[INFO] [AnimeWaifuSilent] [Debug] CardModel.Portrait Getter accessed for: Breakthrough
[INFO] [AnimeWaifuSilent] [Debug] CardModel.Portrait Getter accessed for: SetupStrike
[INFO] [AnimeWaifuSilent] [Debug] CardModel.Portrait Getter accessed for: SetupStrike
[INFO] [AnimeWaifuSilent] [Debug] CardModel.Portrait Getter accessed for: SetupStrike
[INFO] [AnimeWaifuSilent] [Debug] CardModel.Portrait Getter accessed for: SetupStrike
[INFO] [AnimeWaifuSilent] [Debug] CardModel.Portrait Getter accessed for: SetupStrike
[INFO] [AnimeWaifuSilent] [Debug] CardModel.Portrait Getter accessed for: SetupStrike
[INFO] [AnimeWaifuSilent] [Debug] CardModel.Portrait Getter accessed for: SetupStrike
[INFO] [AnimeWaifuSilent] [Debug] CardModel.Portrait Getter accessed for: PerfectedStrike
[INFO] [AnimeWaifuSilent] [Debug] CardModel.Portrait Getter accessed for: PerfectedStrike
[INFO] [AnimeWaifuSilent] [Debug] CardModel.Portrait Getter accessed for: PerfectedStrike
[INFO] [AnimeWaifuSilent] [Debug] CardModel.Portrait Getter accessed for: PerfectedStrike
[INFO] [AnimeWaifuSilent] [Debug] CardModel.Portrait Getter accessed for: PerfectedStrike
[INFO] [AnimeWaifuSilent] [Debug] CardModel.Portrait Getter accessed for: PerfectedStrike
[INFO] [AnimeWaifuSilent] [Debug] CardModel.Portrait Getter accessed for: PerfectedStrike
[INFO] [AnimeWaifuSilent] [Debug] CardModel.Portrait Getter accessed for: Cinder
[INFO] [AnimeWaifuSilent] [Debug] CardModel.Portrait Getter accessed for: Cinder
[INFO] [AnimeWaifuSilent] [Debug] CardModel.Portrait Getter accessed for: Cinder
[INFO] [AnimeWaifuSilent] [Debug] CardModel.Portrait Getter accessed for: Cinder
[INFO] [AnimeWaifuSilent] [Debug] CardModel.Portrait Getter accessed for: Cinder
[INFO] [AnimeWaifuSilent] [Debug] CardModel.Portrait Getter accessed for: Cinder
[INFO] [AnimeWaifuSilent] [Debug] CardModel.Portrait Getter accessed for: Cinder
[INFO] [AnimeWaifuSilent] [Debug] CardModel.Portrait Getter accessed for: Bloodletting
[INFO] [AnimeWaifuSilent] [Debug] CardModel.Portrait Getter accessed for: Bloodletting
[INFO] [AnimeWaifuSilent] [Debug] CardModel.Portrait Getter accessed for: Bloodletting
[INFO] [AnimeWaifuSilent] [Debug] CardModel.Portrait Getter accessed for: Bloodletting
[INFO] [AnimeWaifuSilent] [Debug] CardModel.Portrait Getter accessed for: Bloodletting
[INFO] [AnimeWaifuSilent] [Debug] CardModel.Portrait Getter accessed for: Bloodletting
[INFO] [AnimeWaifuSilent] [Debug] CardModel.Portrait Getter accessed for: Bloodletting
[INFO] [AnimeWaifuSilent] [Debug] CardModel.Portrait Getter accessed for: TrueGrit
[INFO] [AnimeWaifuSilent] [Debug] CardModel.Portrait Getter accessed for: TrueGrit
[INFO] [AnimeWaifuSilent] [Debug] CardModel.Portrait Getter accessed for: TrueGrit
[INFO] [AnimeWaifuSilent] [Debug] CardModel.Portrait Getter accessed for: TrueGrit
[INFO] [AnimeWaifuSilent] [Debug] CardModel.Portrait Getter accessed for: TrueGrit
[INFO] [AnimeWaifuSilent] [Debug] CardModel.Portrait Getter accessed for: TrueGrit
[INFO] [AnimeWaifuSilent] [Debug] CardModel.Portrait Getter accessed for: TrueGrit
[INFO] [AnimeWaifuSilent] [Debug] CardModel.Portrait Getter accessed for: Havoc
[INFO] [AnimeWaifuSilent] [Debug] CardModel.Portrait Getter accessed for: Havoc
[INFO] [AnimeWaifuSilent] [Debug] CardModel.Portrait Getter accessed for: Havoc
[INFO] [AnimeWaifuSilent] [Debug] CardModel.Portrait Getter accessed for: Havoc
[INFO] [AnimeWaifuSilent] [Debug] CardModel.Portrait Getter accessed for: Havoc
[INFO] [AnimeWaifuSilent] [Debug] CardModel.Portrait Getter accessed for: Havoc
[INFO] [AnimeWaifuSilent] [Debug] CardModel.Portrait Getter accessed for: Havoc
[INFO] [AnimeWaifuSilent] [Debug] CardModel.Portrait Getter accessed for: ShrugItOff
[INFO] [AnimeWaifuSilent] [Debug] CardModel.Portrait Getter accessed for: ShrugItOff
[INFO] [AnimeWaifuSilent] [Debug] CardModel.Portrait Getter accessed for: ShrugItOff
[INFO] [AnimeWaifuSilent] [Debug] CardModel.Portrait Getter accessed for: ShrugItOff
[INFO] [AnimeWaifuSilent] [Debug] CardModel.Portrait Getter accessed for: ShrugItOff
[INFO] [AnimeWaifuSilent] [Debug] CardModel.Portrait Getter accessed for: ShrugItOff
[INFO] [AnimeWaifuSilent] [Debug] CardModel.Portrait Getter accessed for: ShrugItOff
[INFO] [AnimeWaifuSilent] [Debug] CardModel.Portrait Getter accessed for: Armaments
[INFO] [AnimeWaifuSilent] [Debug] CardModel.Portrait Getter accessed for: Armaments
[INFO] [AnimeWaifuSilent] [Debug] CardModel.Portrait Getter accessed for: Armaments
[INFO] [AnimeWaifuSilent] [Debug] CardModel.Portrait Getter accessed for: Armaments
[INFO] [AnimeWaifuSilent] [Debug] CardModel.Portrait Getter accessed for: Armaments
[INFO] [AnimeWaifuSilent] [Debug] CardModel.Portrait Getter accessed for: Armaments
[INFO] [AnimeWaifuSilent] [Debug] CardModel.Portrait Getter accessed for: Armaments
[INFO] [AnimeWaifuSilent] [Debug] CardModel.Portrait Getter accessed for: Tremble
[INFO] [AnimeWaifuSilent] [Debug] CardModel.Portrait Getter accessed for: Tremble
[INFO] [AnimeWaifuSilent] [Debug] CardModel.Portrait Getter accessed for: Tremble
[INFO] [AnimeWaifuSilent] [Debug] CardModel.Portrait Getter accessed for: Tremble
[INFO] [AnimeWaifuSilent] [Debug] CardModel.Portrait Getter accessed for: Tremble
[INFO] [AnimeWaifuSilent] [Debug] CardModel.Portrait Getter accessed for: Tremble
[INFO] [AnimeWaifuSilent] [Debug] CardModel.Portrait Getter accessed for: Tremble
[INFO] [AnimeWaifuSilent] [Debug] CardModel.Portrait Getter accessed for: BloodWall
[INFO] [AnimeWaifuSilent] [Debug] CardModel.Portrait Getter accessed for: BloodWall
[INFO] [AnimeWaifuSilent] [Debug] CardModel.Portrait Getter accessed for: BloodWall
[INFO] [AnimeWaifuSilent] [Debug] CardModel.Portrait Getter accessed for: BloodWall
[INFO] [AnimeWaifuSilent] [Debug] CardModel.Portrait Getter accessed for: BloodWall
[INFO] [AnimeWaifuSilent] [Debug] CardModel.Portrait Getter accessed for: BloodWall
[INFO] [AnimeWaifuSilent] [Debug] CardModel.Portrait Getter accessed for: BloodWall
[INFO] [AnimeWaifuSilent] [Debug] CardModel.Portrait Getter accessed for: Bully
[INFO] [AnimeWaifuSilent] [Debug] CardModel.Portrait Getter accessed for: Bully
[INFO] [AnimeWaifuSilent] [Debug] CardModel.Portrait Getter accessed for: Bully
[INFO] [AnimeWaifuSilent] [Debug] CardModel.Portrait Getter accessed for: Bully
[INFO] [AnimeWaifuSilent] [Debug] CardModel.Portrait Getter accessed for: Bully
[INFO] [AnimeWaifuSilent] [Debug] CardModel.Portrait Getter accessed for: Bully
[INFO] [AnimeWaifuSilent] [Debug] CardModel.Portrait Getter accessed for: Bully
[INFO] [AnimeWaifuSilent] [Debug] CardModel.Portrait Getter accessed for: Whirlwind
[INFO] [AnimeWaifuSilent] [Debug] CardModel.Portrait Getter accessed for: Whirlwind
[INFO] [AnimeWaifuSilent] [Debug] CardModel.Portrait Getter accessed for: Whirlwind
[INFO] [AnimeWaifuSilent] [Debug] CardModel.Portrait Getter accessed for: Whirlwind
[INFO] [AnimeWaifuSilent] [Debug] CardModel.Portrait Getter accessed for: Whirlwind
[INFO] [AnimeWaifuSilent] [Debug] CardModel.Portrait Getter accessed for: Whirlwind
[INFO] [AnimeWaifuSilent] [Debug] CardModel.Portrait Getter accessed for: Whirlwind
[WARN] Asset not cached: res://scenes/screens/card_library/card_library_stats.tscn
[WARN] Asset not cached: res://images/packed/sprite_fonts/ironclad_energy_icon.png
[INFO] [AnimeWaifuSilent] [Debug] CardModel.Portrait Getter accessed for: FallingStar
[INFO] [AnimeWaifuSilent] [Debug] CardModel.Portrait Getter accessed for: FallingStar
[INFO] [RegentFemPortraits] [Filter] Setting filter to: LinearWithMipmapsAnisotropic
[INFO] [RegentFemPortraits] [Filter] Setting filter to: LinearWithMipmapsAnisotropic
[INFO] [RegentFemPortraits] [Filter] Setting filter to: LinearWithMipmapsAnisotropic
[INFO] [RegentFemPortraits] [Filter] Setting filter to: LinearWithMipmapsAnisotropic
[INFO] [RegentFemPortraits] [Filter] Setting filter to: LinearWithMipmapsAnisotropic
[INFO] [RegentFemPortraits] [Filter] Setting filter to: LinearWithMipmapsAnisotropic
[INFO] [RegentFemPortraits] [Filter] Setting filter to: LinearWithMipmapsAnisotropic
[INFO] [AnimeWaifuSilent] [Debug] CardModel.Portrait Getter accessed for: FallingStar
[INFO] [AnimeWaifuSilent] [Debug] CardModel.Portrait Getter accessed for: FallingStar
[INFO] [AnimeWaifuSilent] [Debug] CardModel.Portrait Getter accessed for: FallingStar
[INFO] [RegentFemPortraits] [Filter] Setting filter to: LinearWithMipmapsAnisotropic
[INFO] [RegentFemPortraits] [Filter] Setting filter to: LinearWithMipmapsAnisotropic
[INFO] [RegentFemPortraits] [Filter] Setting filter to: LinearWithMipmapsAnisotropic
[INFO] [RegentFemPortraits] [Filter] Setting filter to: LinearWithMipmapsAnisotropic
[INFO] [RegentFemPortraits] [Filter] Setting filter to: LinearWithMipmapsAnisotropic
[INFO] [RegentFemPortraits] [Filter] Setting filter to: LinearWithMipmapsAnisotropic
[INFO] [RegentFemPortraits] [Filter] Setting filter to: LinearWithMipmapsAnisotropic
[INFO] [AnimeWaifuSilent] [Debug] CardModel.Portrait Getter accessed for: FallingStar
[INFO] [AnimeWaifuSilent] [Debug] CardModel.Portrait Getter accessed for: FallingStar
[INFO] [RegentFemPortraits] [Filter] Setting filter to: LinearWithMipmapsAnisotropic
[INFO] [RegentFemPortraits] [Filter] Setting filter to: LinearWithMipmapsAnisotropic
[INFO] [RegentFemPortraits] [Filter] Setting filter to: LinearWithMipmapsAnisotropic
[INFO] [RegentFemPortraits] [Filter] Setting filter to: LinearWithMipmapsAnisotropic
[INFO] [RegentFemPortraits] [Filter] Setting filter to: LinearWithMipmapsAnisotropic
[INFO] [RegentFemPortraits] [Filter] Setting filter to: LinearWithMipmapsAnisotropic
[INFO] [RegentFemPortraits] [Filter] Setting filter to: LinearWithMipmapsAnisotropic
[INFO] [AnimeWaifuSilent] [Debug] CardModel.Portrait Getter accessed for: StrikeRegent
[INFO] [AnimeWaifuSilent] [Debug] CardModel.Portrait Getter accessed for: StrikeRegent
[INFO] [AnimeWaifuSilent] [Debug] CardModel.Portrait Getter accessed for: StrikeRegent
[INFO] [AnimeWaifuSilent] [Debug] CardModel.Portrait Getter accessed for: StrikeRegent
[INFO] [AnimeWaifuSilent] [Debug] CardModel.Portrait Getter accessed for: StrikeRegent
[INFO] [AnimeWaifuSilent] [Debug] CardModel.Portrait Getter accessed for: StrikeRegent
[INFO] [AnimeWaifuSilent] [Debug] CardModel.Portrait Getter accessed for: StrikeRegent
[INFO] [AnimeWaifuSilent] [Debug] CardModel.Portrait Getter accessed for: Venerate
[INFO] [AnimeWaifuSilent] [Debug] CardModel.Portrait Getter accessed for: Venerate
[INFO] [RegentFemPortraits] [Filter] Setting filter to: LinearWithMipmapsAnisotropic
[INFO] [RegentFemPortraits] [Filter] Setting filter to: LinearWithMipmapsAnisotropic
[INFO] [RegentFemPortraits] [Filter] Setting filter to: LinearWithMipmapsAnisotropic
[INFO] [RegentFemPortraits] [Filter] Setting filter to: LinearWithMipmapsAnisotropic
[INFO] [RegentFemPortraits] [Filter] Setting filter to: LinearWithMipmapsAnisotropic
[INFO] [RegentFemPortraits] [Filter] Setting filter to: LinearWithMipmapsAnisotropic
[INFO] [RegentFemPortraits] [Filter] Setting filter to: LinearWithMipmapsAnisotropic
[INFO] [AnimeWaifuSilent] [Debug] CardModel.Portrait Getter accessed for: Venerate
[INFO] [AnimeWaifuSilent] [Debug] CardModel.Portrait Getter accessed for: Venerate
[INFO] [AnimeWaifuSilent] [Debug] CardModel.Portrait Getter accessed for: Venerate
[INFO] [RegentFemPortraits] [Filter] Setting filter to: LinearWithMipmapsAnisotropic
[INFO] [RegentFemPortraits] [Filter] Setting filter to: LinearWithMipmapsAnisotropic
[INFO] [RegentFemPortraits] [Filter] Setting filter to: LinearWithMipmapsAnisotropic
[INFO] [RegentFemPortraits] [Filter] Setting filter to: LinearWithMipmapsAnisotropic
[INFO] [RegentFemPortraits] [Filter] Setting filter to: LinearWithMipmapsAnisotropic
[INFO] [RegentFemPortraits] [Filter] Setting filter to: LinearWithMipmapsAnisotropic
[INFO] [RegentFemPortraits] [Filter] Setting filter to: LinearWithMipmapsAnisotropic
[INFO] [AnimeWaifuSilent] [Debug] CardModel.Portrait Getter accessed for: Venerate
[INFO] [AnimeWaifuSilent] [Debug] CardModel.Portrait Getter accessed for: Venerate
[INFO] [RegentFemPortraits] [Filter] Setting filter to: LinearWithMipmapsAnisotropic
[INFO] [RegentFemPortraits] [Filter] Setting filter to: LinearWithMipmapsAnisotropic
[INFO] [RegentFemPortraits] [Filter] Setting filter to: LinearWithMipmapsAnisotropic
[INFO] [RegentFemPortraits] [Filter] Setting filter to: LinearWithMipmapsAnisotropic
[INFO] [RegentFemPortraits] [Filter] Setting filter to: LinearWithMipmapsAnisotropic
[INFO] [RegentFemPortraits] [Filter] Setting filter to: LinearWithMipmapsAnisotropic
[INFO] [RegentFemPortraits] [Filter] Setting filter to: LinearWithMipmapsAnisotropic
[INFO] [AnimeWaifuSilent] [Debug] CardModel.Portrait Getter accessed for: DefendRegent
[INFO] [AnimeWaifuSilent] [Debug] CardModel.Portrait Getter accessed for: DefendRegent
[INFO] [RegentFemPortraits] [Filter] Setting filter to: LinearWithMipmapsAnisotropic
[INFO] [RegentFemPortraits] [Filter] Setting filter to: LinearWithMipmapsAnisotropic
[INFO] [RegentFemPortraits] [Filter] Setting filter to: LinearWithMipmapsAnisotropic
[INFO] [RegentFemPortraits] [Filter] Setting filter to: LinearWithMipmapsAnisotropic
[INFO] [RegentFemPortraits] [Filter] Setting filter to: LinearWithMipmapsAnisotropic
[INFO] [RegentFemPortraits] [Filter] Setting filter to: LinearWithMipmapsAnisotropic
[INFO] [RegentFemPortraits] [Filter] Setting filter to: LinearWithMipmapsAnisotropic
[INFO] [AnimeWaifuSilent] [Debug] CardModel.Portrait Getter accessed for: DefendRegent
[INFO] [AnimeWaifuSilent] [Debug] CardModel.Portrait Getter accessed for: DefendRegent
[INFO] [AnimeWaifuSilent] [Debug] CardModel.Portrait Getter accessed for: DefendRegent
[INFO] [RegentFemPortraits] [Filter] Setting filter to: LinearWithMipmapsAnisotropic
[INFO] [RegentFemPortraits] [Filter] Setting filter to: LinearWithMipmapsAnisotropic
[INFO] [RegentFemPortraits] [Filter] Setting filter to: LinearWithMipmapsAnisotropic
[INFO] [RegentFemPortraits] [Filter] Setting filter to: LinearWithMipmapsAnisotropic
[INFO] [RegentFemPortraits] [Filter] Setting filter to: LinearWithMipmapsAnisotropic
[INFO] [RegentFemPortraits] [Filter] Setting filter to: LinearWithMipmapsAnisotropic
[INFO] [RegentFemPortraits] [Filter] Setting filter to: LinearWithMipmapsAnisotropic
[INFO] [AnimeWaifuSilent] [Debug] CardModel.Portrait Getter accessed for: DefendRegent
[INFO] [AnimeWaifuSilent] [Debug] CardModel.Portrait Getter accessed for: DefendRegent
[INFO] [RegentFemPortraits] [Filter] Setting filter to: LinearWithMipmapsAnisotropic
[INFO] [RegentFemPortraits] [Filter] Setting filter to: LinearWithMipmapsAnisotropic
[INFO] [RegentFemPortraits] [Filter] Setting filter to: LinearWithMipmapsAnisotropic
[INFO] [RegentFemPortraits] [Filter] Setting filter to: LinearWithMipmapsAnisotropic
[INFO] [RegentFemPortraits] [Filter] Setting filter to: LinearWithMipmapsAnisotropic
[INFO] [RegentFemPortraits] [Filter] Setting filter to: LinearWithMipmapsAnisotropic
[INFO] [RegentFemPortraits] [Filter] Setting filter to: LinearWithMipmapsAnisotropic
[INFO] [AnimeWaifuSilent] [Debug] CardModel.Portrait Getter accessed for: CollisionCourse
[INFO] [AnimeWaifuSilent] [Debug] CardModel.Portrait Getter accessed for: CollisionCourse
[INFO] [AnimeWaifuSilent] [Debug] CardModel.Portrait Getter accessed for: CollisionCourse
[INFO] [AnimeWaifuSilent] [Debug] CardModel.Portrait Getter accessed for: CollisionCourse
[INFO] [AnimeWaifuSilent] [Debug] CardModel.Portrait Getter accessed for: CollisionCourse
[INFO] [AnimeWaifuSilent] [Debug] CardModel.Portrait Getter accessed for: CollisionCourse
[INFO] [AnimeWaifuSilent] [Debug] CardModel.Portrait Getter accessed for: CollisionCourse
[INFO] [AnimeWaifuSilent] [Debug] CardModel.Portrait Getter accessed for: AstralPulse
[INFO] [AnimeWaifuSilent] [Debug] CardModel.Portrait Getter accessed for: AstralPulse
[INFO] [AnimeWaifuSilent] [Debug] CardModel.Portrait Getter accessed for: AstralPulse
[INFO] [AnimeWaifuSilent] [Debug] CardModel.Portrait Getter accessed for: AstralPulse
[INFO] [AnimeWaifuSilent] [Debug] CardModel.Portrait Getter accessed for: AstralPulse
[INFO] [AnimeWaifuSilent] [Debug] CardModel.Portrait Getter accessed for: AstralPulse
[INFO] [AnimeWaifuSilent] [Debug] CardModel.Portrait Getter accessed for: AstralPulse
[INFO] [AnimeWaifuSilent] [Debug] CardModel.Portrait Getter accessed for: PhotonCut
[INFO] [AnimeWaifuSilent] [Debug] CardModel.Portrait Getter accessed for: PhotonCut
[INFO] [AnimeWaifuSilent] [Debug] CardModel.Portrait Getter accessed for: PhotonCut
[INFO] [AnimeWaifuSilent] [Debug] CardModel.Portrait Getter accessed for: PhotonCut
[INFO] [AnimeWaifuSilent] [Debug] CardModel.Portrait Getter accessed for: PhotonCut
[INFO] [AnimeWaifuSilent] [Debug] CardModel.Portrait Getter accessed for: PhotonCut
[INFO] [AnimeWaifuSilent] [Debug] CardModel.Portrait Getter accessed for: PhotonCut
[INFO] [AnimeWaifuSilent] [Debug] CardModel.Portrait Getter accessed for: SolarStrike
[INFO] [AnimeWaifuSilent] [Debug] CardModel.Portrait Getter accessed for: SolarStrike
[INFO] [AnimeWaifuSilent] [Debug] CardModel.Portrait Getter accessed for: SolarStrike
[INFO] [AnimeWaifuSilent] [Debug] CardModel.Portrait Getter accessed for: SolarStrike
[INFO] [AnimeWaifuSilent] [Debug] CardModel.Portrait Getter accessed for: SolarStrike
[INFO] [AnimeWaifuSilent] [Debug] CardModel.Portrait Getter accessed for: SolarStrike
[INFO] [AnimeWaifuSilent] [Debug] CardModel.Portrait Getter accessed for: SolarStrike
[INFO] [AnimeWaifuSilent] [Debug] CardModel.Portrait Getter accessed for: CrushUnder
[INFO] [AnimeWaifuSilent] [Debug] CardModel.Portrait Getter accessed for: CrushUnder
[INFO] [AnimeWaifuSilent] [Debug] CardModel.Portrait Getter accessed for: CrushUnder
[INFO] [AnimeWaifuSilent] [Debug] CardModel.Portrait Getter accessed for: CrushUnder
[INFO] [AnimeWaifuSilent] [Debug] CardModel.Portrait Getter accessed for: CrushUnder
[INFO] [AnimeWaifuSilent] [Debug] CardModel.Portrait Getter accessed for: CrushUnder
[INFO] [AnimeWaifuSilent] [Debug] CardModel.Portrait Getter accessed for: CrushUnder
[INFO] [AnimeWaifuSilent] [Debug] CardModel.Portrait Getter accessed for: CrescentSpear
[INFO] [AnimeWaifuSilent] [Debug] CardModel.Portrait Getter accessed for: CrescentSpear
[INFO] [AnimeWaifuSilent] [Debug] CardModel.Portrait Getter accessed for: CrescentSpear
[INFO] [AnimeWaifuSilent] [Debug] CardModel.Portrait Getter accessed for: CrescentSpear
[INFO] [AnimeWaifuSilent] [Debug] CardModel.Portrait Getter accessed for: CrescentSpear
[INFO] [AnimeWaifuSilent] [Debug] CardModel.Portrait Getter accessed for: CrescentSpear
[INFO] [AnimeWaifuSilent] [Debug] CardModel.Portrait Getter accessed for: CrescentSpear
[INFO] [AnimeWaifuSilent] [Debug] CardModel.Portrait Getter accessed for: GuidingStar
[INFO] [AnimeWaifuSilent] [Debug] CardModel.Portrait Getter accessed for: GuidingStar
[INFO] [AnimeWaifuSilent] [Debug] CardModel.Portrait Getter accessed for: GuidingStar
[INFO] [AnimeWaifuSilent] [Debug] CardModel.Portrait Getter accessed for: GuidingStar
[INFO] [AnimeWaifuSilent] [Debug] CardModel.Portrait Getter accessed for: GuidingStar
[INFO] [AnimeWaifuSilent] [Debug] CardModel.Portrait Getter accessed for: GuidingStar
[INFO] [AnimeWaifuSilent] [Debug] CardModel.Portrait Getter accessed for: GuidingStar
[INFO] [AnimeWaifuSilent] [Debug] CardModel.Portrait Getter accessed for: WroughtInWar
[INFO] [AnimeWaifuSilent] [Debug] CardModel.Portrait Getter accessed for: WroughtInWar
[INFO] [RegentFemPortraits] [Filter] Setting filter to: LinearWithMipmapsAnisotropic
[INFO] [RegentFemPortraits] [Filter] Setting filter to: LinearWithMipmapsAnisotropic
[INFO] [RegentFemPortraits] [Filter] Setting filter to: LinearWithMipmapsAnisotropic
[INFO] [RegentFemPortraits] [Filter] Setting filter to: LinearWithMipmapsAnisotropic
[INFO] [RegentFemPortraits] [Filter] Setting filter to: LinearWithMipmapsAnisotropic
[INFO] [RegentFemPortraits] [Filter] Setting filter to: LinearWithMipmapsAnisotropic
[INFO] [RegentFemPortraits] [Filter] Setting filter to: LinearWithMipmapsAnisotropic
[INFO] [AnimeWaifuSilent] [Debug] CardModel.Portrait Getter accessed for: WroughtInWar
[INFO] [AnimeWaifuSilent] [Debug] CardModel.Portrait Getter accessed for: WroughtInWar
[INFO] [AnimeWaifuSilent] [Debug] CardModel.Portrait Getter accessed for: WroughtInWar
[INFO] [RegentFemPortraits] [Filter] Setting filter to: LinearWithMipmapsAnisotropic
[INFO] [RegentFemPortraits] [Filter] Setting filter to: LinearWithMipmapsAnisotropic
[INFO] [RegentFemPortraits] [Filter] Setting filter to: LinearWithMipmapsAnisotropic
[INFO] [RegentFemPortraits] [Filter] Setting filter to: LinearWithMipmapsAnisotropic
[INFO] [RegentFemPortraits] [Filter] Setting filter to: LinearWithMipmapsAnisotropic
[INFO] [RegentFemPortraits] [Filter] Setting filter to: LinearWithMipmapsAnisotropic
[INFO] [RegentFemPortraits] [Filter] Setting filter to: LinearWithMipmapsAnisotropic
[INFO] [AnimeWaifuSilent] [Debug] CardModel.Portrait Getter accessed for: WroughtInWar
[INFO] [AnimeWaifuSilent] [Debug] CardModel.Portrait Getter accessed for: WroughtInWar
[INFO] [RegentFemPortraits] [Filter] Setting filter to: LinearWithMipmapsAnisotropic
[INFO] [RegentFemPortraits] [Filter] Setting filter to: LinearWithMipmapsAnisotropic
[INFO] [RegentFemPortraits] [Filter] Setting filter to: LinearWithMipmapsAnisotropic
[INFO] [RegentFemPortraits] [Filter] Setting filter to: LinearWithMipmapsAnisotropic
[INFO] [RegentFemPortraits] [Filter] Setting filter to: LinearWithMipmapsAnisotropic
[INFO] [RegentFemPortraits] [Filter] Setting filter to: LinearWithMipmapsAnisotropic
[INFO] [RegentFemPortraits] [Filter] Setting filter to: LinearWithMipmapsAnisotropic
[INFO] [AnimeWaifuSilent] [Debug] CardModel.Portrait Getter accessed for: CelestialMight
[INFO] [AnimeWaifuSilent] [Debug] CardModel.Portrait Getter accessed for: CelestialMight
[INFO] [RegentFemPortraits] [Filter] Setting filter to: LinearWithMipmapsAnisotropic
[INFO] [RegentFemPortraits] [Filter] Setting filter to: LinearWithMipmapsAnisotropic
[INFO] [RegentFemPortraits] [Filter] Setting filter to: LinearWithMipmapsAnisotropic
[INFO] [RegentFemPortraits] [Filter] Setting filter to: LinearWithMipmapsAnisotropic
[INFO] [RegentFemPortraits] [Filter] Setting filter to: LinearWithMipmapsAnisotropic
[INFO] [RegentFemPortraits] [Filter] Setting filter to: LinearWithMipmapsAnisotropic
[INFO] [RegentFemPortraits] [Filter] Setting filter to: LinearWithMipmapsAnisotropic
[INFO] [AnimeWaifuSilent] [Debug] CardModel.Portrait Getter accessed for: CelestialMight
[INFO] [AnimeWaifuSilent] [Debug] CardModel.Portrait Getter accessed for: CelestialMight
[INFO] [AnimeWaifuSilent] [Debug] CardModel.Portrait Getter accessed for: CelestialMight
[INFO] [RegentFemPortraits] [Filter] Setting filter to: LinearWithMipmapsAnisotropic
[INFO] [RegentFemPortraits] [Filter] Setting filter to: LinearWithMipmapsAnisotropic
[INFO] [RegentFemPortraits] [Filter] Setting filter to: LinearWithMipmapsAnisotropic
[INFO] [RegentFemPortraits] [Filter] Setting filter to: LinearWithMipmapsAnisotropic
[INFO] [RegentFemPortraits] [Filter] Setting filter to: LinearWithMipmapsAnisotropic
[INFO] [RegentFemPortraits] [Filter] Setting filter to: LinearWithMipmapsAnisotropic
[INFO] [RegentFemPortraits] [Filter] Setting filter to: LinearWithMipmapsAnisotropic
[INFO] [AnimeWaifuSilent] [Debug] CardModel.Portrait Getter accessed for: CelestialMight
[INFO] [AnimeWaifuSilent] [Debug] CardModel.Portrait Getter accessed for: CelestialMight
[INFO] [RegentFemPortraits] [Filter] Setting filter to: LinearWithMipmapsAnisotropic
[INFO] [RegentFemPortraits] [Filter] Setting filter to: LinearWithMipmapsAnisotropic
[INFO] [RegentFemPortraits] [Filter] Setting filter to: LinearWithMipmapsAnisotropic
[INFO] [RegentFemPortraits] [Filter] Setting filter to: LinearWithMipmapsAnisotropic
[INFO] [RegentFemPortraits] [Filter] Setting filter to: LinearWithMipmapsAnisotropic
[INFO] [RegentFemPortraits] [Filter] Setting filter to: LinearWithMipmapsAnisotropic
[INFO] [RegentFemPortraits] [Filter] Setting filter to: LinearWithMipmapsAnisotropic
[INFO] [AnimeWaifuSilent] [Debug] CardModel.Portrait Getter accessed for: KnowThyPlace
[INFO] [AnimeWaifuSilent] [Debug] CardModel.Portrait Getter accessed for: KnowThyPlace
[INFO] [AnimeWaifuSilent] [Debug] CardModel.Portrait Getter accessed for: KnowThyPlace
[INFO] [AnimeWaifuSilent] [Debug] CardModel.Portrait Getter accessed for: KnowThyPlace
[INFO] [AnimeWaifuSilent] [Debug] CardModel.Portrait Getter accessed for: KnowThyPlace
[INFO] [AnimeWaifuSilent] [Debug] CardModel.Portrait Getter accessed for: KnowThyPlace
[INFO] [AnimeWaifuSilent] [Debug] CardModel.Portrait Getter accessed for: KnowThyPlace
[INFO] [AnimeWaifuSilent] [Debug] CardModel.Portrait Getter accessed for: CloakOfStars
[INFO] [AnimeWaifuSilent] [Debug] CardModel.Portrait Getter accessed for: CloakOfStars
[INFO] [RegentFemPortraits] [Filter] Setting filter to: LinearWithMipmapsAnisotropic
[INFO] [RegentFemPortraits] [Filter] Setting filter to: LinearWithMipmapsAnisotropic
[INFO] [RegentFemPortraits] [Filter] Setting filter to: LinearWithMipmapsAnisotropic
[INFO] [RegentFemPortraits] [Filter] Setting filter to: LinearWithMipmapsAnisotropic
[INFO] [RegentFemPortraits] [Filter] Setting filter to: LinearWithMipmapsAnisotropic
[INFO] [RegentFemPortraits] [Filter] Setting filter to: LinearWithMipmapsAnisotropic
[INFO] [RegentFemPortraits] [Filter] Setting filter to: LinearWithMipmapsAnisotropic
[INFO] [AnimeWaifuSilent] [Debug] CardModel.Portrait Getter accessed for: CloakOfStars
[INFO] [AnimeWaifuSilent] [Debug] CardModel.Portrait Getter accessed for: CloakOfStars
[INFO] [AnimeWaifuSilent] [Debug] CardModel.Portrait Getter accessed for: CloakOfStars
[INFO] [RegentFemPortraits] [Filter] Setting filter to: LinearWithMipmapsAnisotropic
[INFO] [RegentFemPortraits] [Filter] Setting filter to: LinearWithMipmapsAnisotropic
[INFO] [RegentFemPortraits] [Filter] Setting filter to: LinearWithMipmapsAnisotropic
[INFO] [RegentFemPortraits] [Filter] Setting filter to: LinearWithMipmapsAnisotropic
[INFO] [RegentFemPortraits] [Filter] Setting filter to: LinearWithMipmapsAnisotropic
[INFO] [RegentFemPortraits] [Filter] Setting filter to: LinearWithMipmapsAnisotropic
[INFO] [RegentFemPortraits] [Filter] Setting filter to: LinearWithMipmapsAnisotropic
[INFO] [AnimeWaifuSilent] [Debug] CardModel.Portrait Getter accessed for: CloakOfStars
[INFO] [AnimeWaifuSilent] [Debug] CardModel.Portrait Getter accessed for: CloakOfStars
[INFO] [RegentFemPortraits] [Filter] Setting filter to: LinearWithMipmapsAnisotropic
[INFO] [RegentFemPortraits] [Filter] Setting filter to: LinearWithMipmapsAnisotropic
[INFO] [RegentFemPortraits] [Filter] Setting filter to: LinearWithMipmapsAnisotropic
[INFO] [RegentFemPortraits] [Filter] Setting filter to: LinearWithMipmapsAnisotropic
[INFO] [RegentFemPortraits] [Filter] Setting filter to: LinearWithMipmapsAnisotropic
[INFO] [RegentFemPortraits] [Filter] Setting filter to: LinearWithMipmapsAnisotropic
[INFO] [RegentFemPortraits] [Filter] Setting filter to: LinearWithMipmapsAnisotropic
[INFO] [AnimeWaifuSilent] [Debug] CardModel.Portrait Getter accessed for: RefineBlade
[INFO] [AnimeWaifuSilent] [Debug] CardModel.Portrait Getter accessed for: RefineBlade
[INFO] [RegentFemPortraits] [Filter] Setting filter to: LinearWithMipmapsAnisotropic
[INFO] [RegentFemPortraits] [Filter] Setting filter to: LinearWithMipmapsAnisotropic
[INFO] [RegentFemPortraits] [Filter] Setting filter to: LinearWithMipmapsAnisotropic
[INFO] [RegentFemPortraits] [Filter] Setting filter to: LinearWithMipmapsAnisotropic
[INFO] [RegentFemPortraits] [Filter] Setting filter to: LinearWithMipmapsAnisotropic
[INFO] [RegentFemPortraits] [Filter] Setting filter to: LinearWithMipmapsAnisotropic
[INFO] [RegentFemPortraits] [Filter] Setting filter to: LinearWithMipmapsAnisotropic
[INFO] [AnimeWaifuSilent] [Debug] CardModel.Portrait Getter accessed for: RefineBlade
[INFO] [AnimeWaifuSilent] [Debug] CardModel.Portrait Getter accessed for: RefineBlade
[INFO] [AnimeWaifuSilent] [Debug] CardModel.Portrait Getter accessed for: RefineBlade
[INFO] [RegentFemPortraits] [Filter] Setting filter to: LinearWithMipmapsAnisotropic
[INFO] [RegentFemPortraits] [Filter] Setting filter to: LinearWithMipmapsAnisotropic
[INFO] [RegentFemPortraits] [Filter] Setting filter to: LinearWithMipmapsAnisotropic
[INFO] [RegentFemPortraits] [Filter] Setting filter to: LinearWithMipmapsAnisotropic
[INFO] [RegentFemPortraits] [Filter] Setting filter to: LinearWithMipmapsAnisotropic
[INFO] [RegentFemPortraits] [Filter] Setting filter to: LinearWithMipmapsAnisotropic
[INFO] [RegentFemPortraits] [Filter] Setting filter to: LinearWithMipmapsAnisotropic
[INFO] [AnimeWaifuSilent] [Debug] CardModel.Portrait Getter accessed for: RefineBlade
[INFO] [AnimeWaifuSilent] [Debug] CardModel.Portrait Getter accessed for: RefineBlade
[INFO] [RegentFemPortraits] [Filter] Setting filter to: LinearWithMipmapsAnisotropic
[INFO] [RegentFemPortraits] [Filter] Setting filter to: LinearWithMipmapsAnisotropic
[INFO] [RegentFemPortraits] [Filter] Setting filter to: LinearWithMipmapsAnisotropic
[INFO] [RegentFemPortraits] [Filter] Setting filter to: LinearWithMipmapsAnisotropic
[INFO] [RegentFemPortraits] [Filter] Setting filter to: LinearWithMipmapsAnisotropic
[INFO] [RegentFemPortraits] [Filter] Setting filter to: LinearWithMipmapsAnisotropic
[INFO] [RegentFemPortraits] [Filter] Setting filter to: LinearWithMipmapsAnisotropic
[INFO] [AnimeWaifuSilent] [Debug] CardModel.Portrait Getter accessed for: Glow
[INFO] [AnimeWaifuSilent] [Debug] CardModel.Portrait Getter accessed for: Glow
[INFO] [RegentFemPortraits] [Filter] Setting filter to: LinearWithMipmapsAnisotropic
[INFO] [RegentFemPortraits] [Filter] Setting filter to: LinearWithMipmapsAnisotropic
[INFO] [RegentFemPortraits] [Filter] Setting filter to: LinearWithMipmapsAnisotropic
[INFO] [RegentFemPortraits] [Filter] Setting filter to: LinearWithMipmapsAnisotropic
[INFO] [RegentFemPortraits] [Filter] Setting filter to: LinearWithMipmapsAnisotropic
[INFO] [RegentFemPortraits] [Filter] Setting filter to: LinearWithMipmapsAnisotropic
[INFO] [RegentFemPortraits] [Filter] Setting filter to: LinearWithMipmapsAnisotropic
[INFO] [AnimeWaifuSilent] [Debug] CardModel.Portrait Getter accessed for: Glow
[INFO] [AnimeWaifuSilent] [Debug] CardModel.Portrait Getter accessed for: Glow
[INFO] [AnimeWaifuSilent] [Debug] CardModel.Portrait Getter accessed for: Glow
[INFO] [RegentFemPortraits] [Filter] Setting filter to: LinearWithMipmapsAnisotropic
[INFO] [RegentFemPortraits] [Filter] Setting filter to: LinearWithMipmapsAnisotropic
[INFO] [RegentFemPortraits] [Filter] Setting filter to: LinearWithMipmapsAnisotropic
[INFO] [RegentFemPortraits] [Filter] Setting filter to: LinearWithMipmapsAnisotropic
[INFO] [RegentFemPortraits] [Filter] Setting filter to: LinearWithMipmapsAnisotropic
[INFO] [RegentFemPortraits] [Filter] Setting filter to: LinearWithMipmapsAnisotropic
[INFO] [RegentFemPortraits] [Filter] Setting filter to: LinearWithMipmapsAnisotropic
[INFO] [AnimeWaifuSilent] [Debug] CardModel.Portrait Getter accessed for: Glow
[INFO] [AnimeWaifuSilent] [Debug] CardModel.Portrait Getter accessed for: Glow
[INFO] [RegentFemPortraits] [Filter] Setting filter to: LinearWithMipmapsAnisotropic
[INFO] [RegentFemPortraits] [Filter] Setting filter to: LinearWithMipmapsAnisotropic
[INFO] [RegentFemPortraits] [Filter] Setting filter to: LinearWithMipmapsAnisotropic
[INFO] [RegentFemPortraits] [Filter] Setting filter to: LinearWithMipmapsAnisotropic
[INFO] [RegentFemPortraits] [Filter] Setting filter to: LinearWithMipmapsAnisotropic
[INFO] [RegentFemPortraits] [Filter] Setting filter to: LinearWithMipmapsAnisotropic
[INFO] [RegentFemPortraits] [Filter] Setting filter to: LinearWithMipmapsAnisotropic
[INFO] [AnimeWaifuSilent] [Debug] CardModel.Portrait Getter accessed for: GatherLight
[INFO] [AnimeWaifuSilent] [Debug] CardModel.Portrait Getter accessed for: GatherLight
[INFO] [RegentFemPortraits] [Filter] Setting filter to: LinearWithMipmapsAnisotropic
[INFO] [RegentFemPortraits] [Filter] Setting filter to: LinearWithMipmapsAnisotropic
[INFO] [RegentFemPortraits] [Filter] Setting filter to: LinearWithMipmapsAnisotropic
[INFO] [RegentFemPortraits] [Filter] Setting filter to: LinearWithMipmapsAnisotropic
[INFO] [RegentFemPortraits] [Filter] Setting filter to: LinearWithMipmapsAnisotropic
[INFO] [RegentFemPortraits] [Filter] Setting filter to: LinearWithMipmapsAnisotropic
[INFO] [RegentFemPortraits] [Filter] Setting filter to: LinearWithMipmapsAnisotropic
[INFO] [AnimeWaifuSilent] [Debug] CardModel.Portrait Getter accessed for: GatherLight
[INFO] [AnimeWaifuSilent] [Debug] CardModel.Portrait Getter accessed for: GatherLight
[INFO] [AnimeWaifuSilent] [Debug] CardModel.Portrait Getter accessed for: GatherLight
[INFO] [RegentFemPortraits] [Filter] Setting filter to: LinearWithMipmapsAnisotropic
[INFO] [RegentFemPortraits] [Filter] Setting filter to: LinearWithMipmapsAnisotropic
[INFO] [RegentFemPortraits] [Filter] Setting filter to: LinearWithMipmapsAnisotropic
[INFO] [RegentFemPortraits] [Filter] Setting filter to: LinearWithMipmapsAnisotropic
[INFO] [RegentFemPortraits] [Filter] Setting filter to: LinearWithMipmapsAnisotropic
[INFO] [RegentFemPortraits] [Filter] Setting filter to: LinearWithMipmapsAnisotropic
[INFO] [RegentFemPortraits] [Filter] Setting filter to: LinearWithMipmapsAnisotropic
[INFO] [AnimeWaifuSilent] [Debug] CardModel.Portrait Getter accessed for: GatherLight
[INFO] [AnimeWaifuSilent] [Debug] CardModel.Portrait Getter accessed for: GatherLight
[INFO] [RegentFemPortraits] [Filter] Setting filter to: LinearWithMipmapsAnisotropic
[INFO] [RegentFemPortraits] [Filter] Setting filter to: LinearWithMipmapsAnisotropic
[INFO] [RegentFemPortraits] [Filter] Setting filter to: LinearWithMipmapsAnisotropic
[INFO] [RegentFemPortraits] [Filter] Setting filter to: LinearWithMipmapsAnisotropic
[INFO] [RegentFemPortraits] [Filter] Setting filter to: LinearWithMipmapsAnisotropic
[INFO] [RegentFemPortraits] [Filter] Setting filter to: LinearWithMipmapsAnisotropic
[INFO] [RegentFemPortraits] [Filter] Setting filter to: LinearWithMipmapsAnisotropic
[INFO] [AnimeWaifuSilent] [Debug] CardModel.Portrait Getter accessed for: Begone
[INFO] [AnimeWaifuSilent] [Debug] CardModel.Portrait Getter accessed for: Begone
[INFO] [RegentFemPortraits] [Filter] Setting filter to: LinearWithMipmapsAnisotropic
[INFO] [RegentFemPortraits] [Filter] Setting filter to: LinearWithMipmapsAnisotropic
[INFO] [RegentFemPortraits] [Filter] Setting filter to: LinearWithMipmapsAnisotropic
[INFO] [RegentFemPortraits] [Filter] Setting filter to: LinearWithMipmapsAnisotropic
[INFO] [RegentFemPortraits] [Filter] Setting filter to: LinearWithMipmapsAnisotropic
[INFO] [RegentFemPortraits] [Filter] Setting filter to: LinearWithMipmapsAnisotropic
[INFO] [RegentFemPortraits] [Filter] Setting filter to: LinearWithMipmapsAnisotropic
[INFO] [AnimeWaifuSilent] [Debug] CardModel.Portrait Getter accessed for: Begone
[INFO] [AnimeWaifuSilent] [Debug] CardModel.Portrait Getter accessed for: Begone
[INFO] [AnimeWaifuSilent] [Debug] CardModel.Portrait Getter accessed for: Begone
[INFO] [RegentFemPortraits] [Filter] Setting filter to: LinearWithMipmapsAnisotropic
[INFO] [RegentFemPortraits] [Filter] Setting filter to: LinearWithMipmapsAnisotropic
[INFO] [RegentFemPortraits] [Filter] Setting filter to: LinearWithMipmapsAnisotropic
[INFO] [RegentFemPortraits] [Filter] Setting filter to: LinearWithMipmapsAnisotropic
[INFO] [RegentFemPortraits] [Filter] Setting filter to: LinearWithMipmapsAnisotropic
[INFO] [RegentFemPortraits] [Filter] Setting filter to: LinearWithMipmapsAnisotropic
[INFO] [RegentFemPortraits] [Filter] Setting filter to: LinearWithMipmapsAnisotropic
[INFO] [AnimeWaifuSilent] [Debug] CardModel.Portrait Getter accessed for: Begone
[INFO] [AnimeWaifuSilent] [Debug] CardModel.Portrait Getter accessed for: Begone
[INFO] [RegentFemPortraits] [Filter] Setting filter to: LinearWithMipmapsAnisotropic
[INFO] [RegentFemPortraits] [Filter] Setting filter to: LinearWithMipmapsAnisotropic
[INFO] [RegentFemPortraits] [Filter] Setting filter to: LinearWithMipmapsAnisotropic
[INFO] [RegentFemPortraits] [Filter] Setting filter to: LinearWithMipmapsAnisotropic
[INFO] [RegentFemPortraits] [Filter] Setting filter to: LinearWithMipmapsAnisotropic
[INFO] [RegentFemPortraits] [Filter] Setting filter to: LinearWithMipmapsAnisotropic
[INFO] [RegentFemPortraits] [Filter] Setting filter to: LinearWithMipmapsAnisotropic
[INFO] [AnimeWaifuSilent] [Debug] CardModel.Portrait Getter accessed for: Patter
[INFO] [AnimeWaifuSilent] [Debug] CardModel.Portrait Getter accessed for: Patter
[INFO] [RegentFemPortraits] [Filter] Setting filter to: LinearWithMipmapsAnisotropic
[INFO] [RegentFemPortraits] [Filter] Setting filter to: LinearWithMipmapsAnisotropic
[INFO] [RegentFemPortraits] [Filter] Setting filter to: LinearWithMipmapsAnisotropic
[INFO] [RegentFemPortraits] [Filter] Setting filter to: LinearWithMipmapsAnisotropic
[INFO] [RegentFemPortraits] [Filter] Setting filter to: LinearWithMipmapsAnisotropic
[INFO] [RegentFemPortraits] [Filter] Setting filter to: LinearWithMipmapsAnisotropic
[INFO] [RegentFemPortraits] [Filter] Setting filter to: LinearWithMipmapsAnisotropic
[INFO] [AnimeWaifuSilent] [Debug] CardModel.Portrait Getter accessed for: Patter
[INFO] [AnimeWaifuSilent] [Debug] CardModel.Portrait Getter accessed for: Patter
[INFO] [AnimeWaifuSilent] [Debug] CardModel.Portrait Getter accessed for: Patter
[INFO] [RegentFemPortraits] [Filter] Setting filter to: LinearWithMipmapsAnisotropic
[INFO] [RegentFemPortraits] [Filter] Setting filter to: LinearWithMipmapsAnisotropic
[INFO] [RegentFemPortraits] [Filter] Setting filter to: LinearWithMipmapsAnisotropic
[INFO] [RegentFemPortraits] [Filter] Setting filter to: LinearWithMipmapsAnisotropic
[INFO] [RegentFemPortraits] [Filter] Setting filter to: LinearWithMipmapsAnisotropic
[INFO] [RegentFemPortraits] [Filter] Setting filter to: LinearWithMipmapsAnisotropic
[INFO] [RegentFemPortraits] [Filter] Setting filter to: LinearWithMipmapsAnisotropic
[INFO] [AnimeWaifuSilent] [Debug] CardModel.Portrait Getter accessed for: Patter
[INFO] [AnimeWaifuSilent] [Debug] CardModel.Portrait Getter accessed for: Patter
[INFO] [RegentFemPortraits] [Filter] Setting filter to: LinearWithMipmapsAnisotropic
[INFO] [RegentFemPortraits] [Filter] Setting filter to: LinearWithMipmapsAnisotropic
[INFO] [RegentFemPortraits] [Filter] Setting filter to: LinearWithMipmapsAnisotropic
[INFO] [RegentFemPortraits] [Filter] Setting filter to: LinearWithMipmapsAnisotropic
[INFO] [RegentFemPortraits] [Filter] Setting filter to: LinearWithMipmapsAnisotropic
[INFO] [RegentFemPortraits] [Filter] Setting filter to: LinearWithMipmapsAnisotropic
[INFO] [RegentFemPortraits] [Filter] Setting filter to: LinearWithMipmapsAnisotropic
[INFO] [AnimeWaifuSilent] [Debug] CardModel.Portrait Getter accessed for: HiddenCache
[INFO] [AnimeWaifuSilent] [Debug] CardModel.Portrait Getter accessed for: HiddenCache
[INFO] [AnimeWaifuSilent] [Debug] CardModel.Portrait Getter accessed for: HiddenCache
[INFO] [AnimeWaifuSilent] [Debug] CardModel.Portrait Getter accessed for: HiddenCache
[INFO] [AnimeWaifuSilent] [Debug] CardModel.Portrait Getter accessed for: HiddenCache
[INFO] [AnimeWaifuSilent] [Debug] CardModel.Portrait Getter accessed for: HiddenCache
[INFO] [AnimeWaifuSilent] [Debug] CardModel.Portrait Getter accessed for: HiddenCache
[INFO] [AnimeWaifuSilent] [Debug] CardModel.Portrait Getter accessed for: CosmicIndifference
[INFO] [AnimeWaifuSilent] [Debug] CardModel.Portrait Getter accessed for: CosmicIndifference
[INFO] [RegentFemPortraits] [Filter] Setting filter to: LinearWithMipmapsAnisotropic
[INFO] [RegentFemPortraits] [Filter] Setting filter to: LinearWithMipmapsAnisotropic
[INFO] [RegentFemPortraits] [Filter] Setting filter to: LinearWithMipmapsAnisotropic
[INFO] [RegentFemPortraits] [Filter] Setting filter to: LinearWithMipmapsAnisotropic
[INFO] [RegentFemPortraits] [Filter] Setting filter to: LinearWithMipmapsAnisotropic
[INFO] [RegentFemPortraits] [Filter] Setting filter to: LinearWithMipmapsAnisotropic
[INFO] [RegentFemPortraits] [Filter] Setting filter to: LinearWithMipmapsAnisotropic
[INFO] [AnimeWaifuSilent] [Debug] CardModel.Portrait Getter accessed for: CosmicIndifference
[INFO] [AnimeWaifuSilent] [Debug] CardModel.Portrait Getter accessed for: CosmicIndifference
[INFO] [AnimeWaifuSilent] [Debug] CardModel.Portrait Getter accessed for: CosmicIndifference
[INFO] [RegentFemPortraits] [Filter] Setting filter to: LinearWithMipmapsAnisotropic
[INFO] [RegentFemPortraits] [Filter] Setting filter to: LinearWithMipmapsAnisotropic
[INFO] [RegentFemPortraits] [Filter] Setting filter to: LinearWithMipmapsAnisotropic
[INFO] [RegentFemPortraits] [Filter] Setting filter to: LinearWithMipmapsAnisotropic
[INFO] [RegentFemPortraits] [Filter] Setting filter to: LinearWithMipmapsAnisotropic
[INFO] [RegentFemPortraits] [Filter] Setting filter to: LinearWithMipmapsAnisotropic
[INFO] [RegentFemPortraits] [Filter] Setting filter to: LinearWithMipmapsAnisotropic
[INFO] [AnimeWaifuSilent] [Debug] CardModel.Portrait Getter accessed for: CosmicIndifference
[INFO] [AnimeWaifuSilent] [Debug] CardModel.Portrait Getter accessed for: CosmicIndifference
[INFO] [RegentFemPortraits] [Filter] Setting filter to: LinearWithMipmapsAnisotropic
[INFO] [RegentFemPortraits] [Filter] Setting filter to: LinearWithMipmapsAnisotropic
[INFO] [RegentFemPortraits] [Filter] Setting filter to: LinearWithMipmapsAnisotropic
[INFO] [RegentFemPortraits] [Filter] Setting filter to: LinearWithMipmapsAnisotropic
[INFO] [RegentFemPortraits] [Filter] Setting filter to: LinearWithMipmapsAnisotropic
[INFO] [RegentFemPortraits] [Filter] Setting filter to: LinearWithMipmapsAnisotropic
[INFO] [RegentFemPortraits] [Filter] Setting filter to: LinearWithMipmapsAnisotropic
[INFO] [AnimeWaifuSilent] [Debug] CardModel.Portrait Getter accessed for: SpoilsOfBattle
[INFO] [AnimeWaifuSilent] [Debug] CardModel.Portrait Getter accessed for: SpoilsOfBattle
[INFO] [AnimeWaifuSilent] [Debug] CardModel.Portrait Getter accessed for: SpoilsOfBattle
[INFO] [AnimeWaifuSilent] [Debug] CardModel.Portrait Getter accessed for: SpoilsOfBattle
[INFO] [AnimeWaifuSilent] [Debug] CardModel.Portrait Getter accessed for: SpoilsOfBattle
[INFO] [AnimeWaifuSilent] [Debug] CardModel.Portrait Getter accessed for: SpoilsOfBattle
[INFO] [AnimeWaifuSilent] [Debug] CardModel.Portrait Getter accessed for: SpoilsOfBattle
[INFO] [AnimeWaifuSilent] [Debug] CardModel.Portrait Getter accessed for: Glitterstream
[INFO] [AnimeWaifuSilent] [Debug] CardModel.Portrait Getter accessed for: Glitterstream
[INFO] [AnimeWaifuSilent] [Debug] CardModel.Portrait Getter accessed for: Glitterstream
[INFO] [AnimeWaifuSilent] [Debug] CardModel.Portrait Getter accessed for: Glitterstream
[INFO] [AnimeWaifuSilent] [Debug] CardModel.Portrait Getter accessed for: Glitterstream
[INFO] [AnimeWaifuSilent] [Debug] CardModel.Portrait Getter accessed for: Glitterstream
[INFO] [AnimeWaifuSilent] [Debug] CardModel.Portrait Getter accessed for: Glitterstream
[INFO] [AnimeWaifuSilent] [Debug] CardModel.Portrait Getter accessed for: Radiate
[INFO] [AnimeWaifuSilent] [Debug] CardModel.Portrait Getter accessed for: Radiate
[INFO] [RegentFemPortraits] [Filter] Setting filter to: LinearWithMipmapsAnisotropic
[INFO] [RegentFemPortraits] [Filter] Setting filter to: LinearWithMipmapsAnisotropic
[INFO] [RegentFemPortraits] [Filter] Setting filter to: LinearWithMipmapsAnisotropic
[INFO] [RegentFemPortraits] [Filter] Setting filter to: LinearWithMipmapsAnisotropic
[INFO] [RegentFemPortraits] [Filter] Setting filter to: LinearWithMipmapsAnisotropic
[INFO] [RegentFemPortraits] [Filter] Setting filter to: LinearWithMipmapsAnisotropic
[INFO] [RegentFemPortraits] [Filter] Setting filter to: LinearWithMipmapsAnisotropic
[INFO] [AnimeWaifuSilent] [Debug] CardModel.Portrait Getter accessed for: Radiate
[INFO] [AnimeWaifuSilent] [Debug] CardModel.Portrait Getter accessed for: Radiate
[INFO] [AnimeWaifuSilent] [Debug] CardModel.Portrait Getter accessed for: Radiate
[INFO] [RegentFemPortraits] [Filter] Setting filter to: LinearWithMipmapsAnisotropic
[INFO] [RegentFemPortraits] [Filter] Setting filter to: LinearWithMipmapsAnisotropic
[INFO] [RegentFemPortraits] [Filter] Setting filter to: LinearWithMipmapsAnisotropic
[INFO] [RegentFemPortraits] [Filter] Setting filter to: LinearWithMipmapsAnisotropic
[INFO] [RegentFemPortraits] [Filter] Setting filter to: LinearWithMipmapsAnisotropic
[INFO] [RegentFemPortraits] [Filter] Setting filter to: LinearWithMipmapsAnisotropic
[INFO] [RegentFemPortraits] [Filter] Setting filter to: LinearWithMipmapsAnisotropic
[INFO] [AnimeWaifuSilent] [Debug] CardModel.Portrait Getter accessed for: Radiate
[INFO] [AnimeWaifuSilent] [Debug] CardModel.Portrait Getter accessed for: Radiate
[INFO] [RegentFemPortraits] [Filter] Setting filter to: LinearWithMipmapsAnisotropic
[INFO] [RegentFemPortraits] [Filter] Setting filter to: LinearWithMipmapsAnisotropic
[INFO] [RegentFemPortraits] [Filter] Setting filter to: LinearWithMipmapsAnisotropic
[INFO] [RegentFemPortraits] [Filter] Setting filter to: LinearWithMipmapsAnisotropic
[INFO] [RegentFemPortraits] [Filter] Setting filter to: LinearWithMipmapsAnisotropic
[INFO] [RegentFemPortraits] [Filter] Setting filter to: LinearWithMipmapsAnisotropic
[INFO] [RegentFemPortraits] [Filter] Setting filter to: LinearWithMipmapsAnisotropic
[WARN] Asset not cached: res://images/packed/sprite_fonts/star_icon.png
[WARN] Asset not cached: res://images/packed/sprite_fonts/regent_energy_icon.png
[WARN] Asset not cached: res://scenes/ui/card_hover_tip.tscn
[INFO] [AnimeWaifuSilent] [Debug] CardModel.Portrait Getter accessed for: SovereignBlade
[INFO] [AnimeWaifuSilent] [Debug] CardModel.Portrait Getter accessed for: SovereignBlade
[INFO] [AnimeWaifuSilent] [Debug] CardModel.Portrait Getter accessed for: SovereignBlade
[INFO] [RegentFemPortraits] [Filter] Setting filter to: LinearWithMipmapsAnisotropic
[INFO] [RegentFemPortraits] [Filter] Setting filter to: LinearWithMipmapsAnisotropic
[INFO] [RegentFemPortraits] [Filter] Setting filter to: LinearWithMipmapsAnisotropic
[INFO] [RegentFemPortraits] [Filter] Setting filter to: LinearWithMipmapsAnisotropic
[INFO] [RegentFemPortraits] [Filter] Setting filter to: LinearWithMipmapsAnisotropic
[INFO] [RegentFemPortraits] [Filter] Setting filter to: LinearWithMipmapsAnisotropic
[INFO] [RegentFemPortraits] [Filter] Setting filter to: LinearWithMipmapsAnisotropic
[INFO] [BaseLib] Setting up SimpleModConfig RegentFemPortraits.Config.RegentFemConfig
[WARN] [BaseLib] REGENTFEMPORTRAITS-SOVEREIGN_BLADE_ANCIENT_STYLE.hover.desc not found in settings_ui.json; skipping HoverTip.
[INFO] [AnimeWaifuSilent] [Debug] CardModel.Portrait Getter accessed for: StrikeIronclad
[INFO] [AnimeWaifuSilent] [Debug] CardModel.Portrait Getter accessed for: StrikeIronclad
[INFO] [AnimeWaifuSilent] [Debug] CardModel.Portrait Getter accessed for: StrikeIronclad
[INFO] [AnimeWaifuSilent] [Debug] CardModel.Portrait Getter accessed for: Bash
[INFO] [AnimeWaifuSilent] [Debug] CardModel.Portrait Getter accessed for: Bash
[INFO] [AnimeWaifuSilent] [Debug] CardModel.Portrait Getter accessed for: Bash
[INFO] [AnimeWaifuSilent] [Debug] CardModel.Portrait Getter accessed for: DefendIronclad
[INFO] [AnimeWaifuSilent] [Debug] CardModel.Portrait Getter accessed for: DefendIronclad
[INFO] [AnimeWaifuSilent] [Debug] CardModel.Portrait Getter accessed for: DefendIronclad
[INFO] [AnimeWaifuSilent] [Debug] CardModel.Portrait Getter accessed for: Anger
[INFO] [AnimeWaifuSilent] [Debug] CardModel.Portrait Getter accessed for: Anger
[INFO] [AnimeWaifuSilent] [Debug] CardModel.Portrait Getter accessed for: Anger
[INFO] [AnimeWaifuSilent] [Debug] CardModel.Portrait Getter accessed for: SwordBoomerang
[INFO] [AnimeWaifuSilent] [Debug] CardModel.Portrait Getter accessed for: SwordBoomerang
[INFO] [AnimeWaifuSilent] [Debug] CardModel.Portrait Getter accessed for: SwordBoomerang
[INFO] [AnimeWaifuSilent] [Debug] CardModel.Portrait Getter accessed for: PommelStrike
[INFO] [AnimeWaifuSilent] [Debug] CardModel.Portrait Getter accessed for: PommelStrike
[INFO] [AnimeWaifuSilent] [Debug] CardModel.Portrait Getter accessed for: PommelStrike
[INFO] [AnimeWaifuSilent] [Debug] CardModel.Portrait Getter accessed for: BodySlam
[INFO] [AnimeWaifuSilent] [Debug] CardModel.Portrait Getter accessed for: BodySlam
[INFO] [AnimeWaifuSilent] [Debug] CardModel.Portrait Getter accessed for: BodySlam
[INFO] [AnimeWaifuSilent] [Debug] CardModel.Portrait Getter accessed for: MoltenFist
[INFO] [AnimeWaifuSilent] [Debug] CardModel.Portrait Getter accessed for: MoltenFist
[INFO] [AnimeWaifuSilent] [Debug] CardModel.Portrait Getter accessed for: MoltenFist
[INFO] [AnimeWaifuSilent] [Debug] CardModel.Portrait Getter accessed for: Thunderclap
[INFO] [AnimeWaifuSilent] [Debug] CardModel.Portrait Getter accessed for: Thunderclap
[INFO] [AnimeWaifuSilent] [Debug] CardModel.Portrait Getter accessed for: Thunderclap
[INFO] [AnimeWaifuSilent] [Debug] CardModel.Portrait Getter accessed for: TwinStrike
[INFO] [AnimeWaifuSilent] [Debug] CardModel.Portrait Getter accessed for: TwinStrike
[INFO] [AnimeWaifuSilent] [Debug] CardModel.Portrait Getter accessed for: TwinStrike
[INFO] [AnimeWaifuSilent] [Debug] CardModel.Portrait Getter accessed for: IronWave
[INFO] [AnimeWaifuSilent] [Debug] CardModel.Portrait Getter accessed for: IronWave
[INFO] [AnimeWaifuSilent] [Debug] CardModel.Portrait Getter accessed for: IronWave
[INFO] [AnimeWaifuSilent] [Debug] CardModel.Portrait Getter accessed for: Headbutt
[INFO] [AnimeWaifuSilent] [Debug] CardModel.Portrait Getter accessed for: Headbutt
[INFO] [AnimeWaifuSilent] [Debug] CardModel.Portrait Getter accessed for: Headbutt
[INFO] [AnimeWaifuSilent] [Debug] CardModel.Portrait Getter accessed for: Breakthrough
[INFO] [AnimeWaifuSilent] [Debug] CardModel.Portrait Getter accessed for: Breakthrough
[INFO] [AnimeWaifuSilent] [Debug] CardModel.Portrait Getter accessed for: Breakthrough
[INFO] [AnimeWaifuSilent] [Debug] CardModel.Portrait Getter accessed for: SetupStrike
[INFO] [AnimeWaifuSilent] [Debug] CardModel.Portrait Getter accessed for: SetupStrike
[INFO] [AnimeWaifuSilent] [Debug] CardModel.Portrait Getter accessed for: SetupStrike
[INFO] [AnimeWaifuSilent] [Debug] CardModel.Portrait Getter accessed for: PerfectedStrike
[INFO] [AnimeWaifuSilent] [Debug] CardModel.Portrait Getter accessed for: PerfectedStrike
[INFO] [AnimeWaifuSilent] [Debug] CardModel.Portrait Getter accessed for: PerfectedStrike
[INFO] [AnimeWaifuSilent] [Debug] CardModel.Portrait Getter accessed for: Cinder
[INFO] [AnimeWaifuSilent] [Debug] CardModel.Portrait Getter accessed for: Cinder
[INFO] [AnimeWaifuSilent] [Debug] CardModel.Portrait Getter accessed for: Cinder
[INFO] [AnimeWaifuSilent] [Debug] CardModel.Portrait Getter accessed for: Bloodletting
[INFO] [AnimeWaifuSilent] [Debug] CardModel.Portrait Getter accessed for: Bloodletting
[INFO] [AnimeWaifuSilent] [Debug] CardModel.Portrait Getter accessed for: Bloodletting
[INFO] [AnimeWaifuSilent] [Debug] CardModel.Portrait Getter accessed for: TrueGrit
[INFO] [AnimeWaifuSilent] [Debug] CardModel.Portrait Getter accessed for: TrueGrit
[INFO] [AnimeWaifuSilent] [Debug] CardModel.Portrait Getter accessed for: TrueGrit
[INFO] [AnimeWaifuSilent] [Debug] CardModel.Portrait Getter accessed for: Havoc
[INFO] [AnimeWaifuSilent] [Debug] CardModel.Portrait Getter accessed for: Havoc
[INFO] [AnimeWaifuSilent] [Debug] CardModel.Portrait Getter accessed for: Havoc
[INFO] [AnimeWaifuSilent] [Debug] CardModel.Portrait Getter accessed for: ShrugItOff
[INFO] [AnimeWaifuSilent] [Debug] CardModel.Portrait Getter accessed for: ShrugItOff
[INFO] [AnimeWaifuSilent] [Debug] CardModel.Portrait Getter accessed for: ShrugItOff
[INFO] [AnimeWaifuSilent] [Debug] CardModel.Portrait Getter accessed for: Armaments
[INFO] [AnimeWaifuSilent] [Debug] CardModel.Portrait Getter accessed for: Armaments
[INFO] [AnimeWaifuSilent] [Debug] CardModel.Portrait Getter accessed for: Armaments
[INFO] [AnimeWaifuSilent] [Debug] CardModel.Portrait Getter accessed for: Tremble
[INFO] [AnimeWaifuSilent] [Debug] CardModel.Portrait Getter accessed for: Tremble
[INFO] [AnimeWaifuSilent] [Debug] CardModel.Portrait Getter accessed for: Tremble
[INFO] [AnimeWaifuSilent] [Debug] CardModel.Portrait Getter accessed for: BloodWall
[INFO] [AnimeWaifuSilent] [Debug] CardModel.Portrait Getter accessed for: BloodWall
[INFO] [AnimeWaifuSilent] [Debug] CardModel.Portrait Getter accessed for: BloodWall
[INFO] [AnimeWaifuSilent] [Debug] CardModel.Portrait Getter accessed for: Bully
[INFO] [AnimeWaifuSilent] [Debug] CardModel.Portrait Getter accessed for: Bully
[INFO] [AnimeWaifuSilent] [Debug] CardModel.Portrait Getter accessed for: Bully
[INFO] [AnimeWaifuSilent] [Debug] CardModel.Portrait Getter accessed for: Whirlwind
[INFO] [AnimeWaifuSilent] [Debug] CardModel.Portrait Getter accessed for: Whirlwind
[INFO] [AnimeWaifuSilent] [Debug] CardModel.Portrait Getter accessed for: Whirlwind
[INFO] [AnimeWaifuSilent] [Debug] CardModel.Portrait Getter accessed for: FallingStar
[INFO] [AnimeWaifuSilent] [Debug] CardModel.Portrait Getter accessed for: FallingStar
[INFO] [AnimeWaifuSilent] [Debug] CardModel.Portrait Getter accessed for: FallingStar
[INFO] [RegentFemPortraits] [Filter] Setting filter to: LinearWithMipmapsAnisotropic
[INFO] [RegentFemPortraits] [Filter] Setting filter to: LinearWithMipmapsAnisotropic
[INFO] [RegentFemPortraits] [Filter] Setting filter to: LinearWithMipmapsAnisotropic
[INFO] [RegentFemPortraits] [Filter] Setting filter to: LinearWithMipmapsAnisotropic
[INFO] [RegentFemPortraits] [Filter] Setting filter to: LinearWithMipmapsAnisotropic
[INFO] [RegentFemPortraits] [Filter] Setting filter to: LinearWithMipmapsAnisotropic
[INFO] [RegentFemPortraits] [Filter] Setting filter to: LinearWithMipmapsAnisotropic
[INFO] [AnimeWaifuSilent] [Debug] CardModel.Portrait Getter accessed for: StrikeRegent
[INFO] [AnimeWaifuSilent] [Debug] CardModel.Portrait Getter accessed for: StrikeRegent
[INFO] [AnimeWaifuSilent] [Debug] CardModel.Portrait Getter accessed for: StrikeRegent
[INFO] [AnimeWaifuSilent] [Debug] CardModel.Portrait Getter accessed for: Venerate
[INFO] [AnimeWaifuSilent] [Debug] CardModel.Portrait Getter accessed for: Venerate
[INFO] [AnimeWaifuSilent] [Debug] CardModel.Portrait Getter accessed for: Venerate
[INFO] [RegentFemPortraits] [Filter] Setting filter to: LinearWithMipmapsAnisotropic
[INFO] [RegentFemPortraits] [Filter] Setting filter to: LinearWithMipmapsAnisotropic
[INFO] [RegentFemPortraits] [Filter] Setting filter to: LinearWithMipmapsAnisotropic
[INFO] [RegentFemPortraits] [Filter] Setting filter to: LinearWithMipmapsAnisotropic
[INFO] [RegentFemPortraits] [Filter] Setting filter to: LinearWithMipmapsAnisotropic
[INFO] [RegentFemPortraits] [Filter] Setting filter to: LinearWithMipmapsAnisotropic
[INFO] [RegentFemPortraits] [Filter] Setting filter to: LinearWithMipmapsAnisotropic
[INFO] [AnimeWaifuSilent] [Debug] CardModel.Portrait Getter accessed for: DefendRegent
[INFO] [AnimeWaifuSilent] [Debug] CardModel.Portrait Getter accessed for: DefendRegent
[INFO] [AnimeWaifuSilent] [Debug] CardModel.Portrait Getter accessed for: DefendRegent
[INFO] [RegentFemPortraits] [Filter] Setting filter to: LinearWithMipmapsAnisotropic
[INFO] [RegentFemPortraits] [Filter] Setting filter to: LinearWithMipmapsAnisotropic
[INFO] [RegentFemPortraits] [Filter] Setting filter to: LinearWithMipmapsAnisotropic
[INFO] [RegentFemPortraits] [Filter] Setting filter to: LinearWithMipmapsAnisotropic
[INFO] [RegentFemPortraits] [Filter] Setting filter to: LinearWithMipmapsAnisotropic
[INFO] [RegentFemPortraits] [Filter] Setting filter to: LinearWithMipmapsAnisotropic
[INFO] [RegentFemPortraits] [Filter] Setting filter to: LinearWithMipmapsAnisotropic
[INFO] [AnimeWaifuSilent] [Debug] CardModel.Portrait Getter accessed for: CollisionCourse
[INFO] [AnimeWaifuSilent] [Debug] CardModel.Portrait Getter accessed for: CollisionCourse
[INFO] [AnimeWaifuSilent] [Debug] CardModel.Portrait Getter accessed for: CollisionCourse
[INFO] [AnimeWaifuSilent] [Debug] CardModel.Portrait Getter accessed for: AstralPulse
[INFO] [AnimeWaifuSilent] [Debug] CardModel.Portrait Getter accessed for: AstralPulse
[INFO] [AnimeWaifuSilent] [Debug] CardModel.Portrait Getter accessed for: AstralPulse
[INFO] [AnimeWaifuSilent] [Debug] CardModel.Portrait Getter accessed for: PhotonCut
[INFO] [AnimeWaifuSilent] [Debug] CardModel.Portrait Getter accessed for: PhotonCut
[INFO] [AnimeWaifuSilent] [Debug] CardModel.Portrait Getter accessed for: PhotonCut
[INFO] [AnimeWaifuSilent] [Debug] CardModel.Portrait Getter accessed for: SolarStrike
[INFO] [AnimeWaifuSilent] [Debug] CardModel.Portrait Getter accessed for: SolarStrike
[INFO] [AnimeWaifuSilent] [Debug] CardModel.Portrait Getter accessed for: SolarStrike
[INFO] [AnimeWaifuSilent] [Debug] CardModel.Portrait Getter accessed for: CrushUnder
[INFO] [AnimeWaifuSilent] [Debug] CardModel.Portrait Getter accessed for: CrushUnder
[INFO] [AnimeWaifuSilent] [Debug] CardModel.Portrait Getter accessed for: CrushUnder
[INFO] [AnimeWaifuSilent] [Debug] CardModel.Portrait Getter accessed for: CrescentSpear
[INFO] [AnimeWaifuSilent] [Debug] CardModel.Portrait Getter accessed for: CrescentSpear
[INFO] [AnimeWaifuSilent] [Debug] CardModel.Portrait Getter accessed for: CrescentSpear
[INFO] [AnimeWaifuSilent] [Debug] CardModel.Portrait Getter accessed for: GuidingStar
[INFO] [AnimeWaifuSilent] [Debug] CardModel.Portrait Getter accessed for: GuidingStar
[INFO] [AnimeWaifuSilent] [Debug] CardModel.Portrait Getter accessed for: GuidingStar
[INFO] [AnimeWaifuSilent] [Debug] CardModel.Portrait Getter accessed for: WroughtInWar
[INFO] [AnimeWaifuSilent] [Debug] CardModel.Portrait Getter accessed for: WroughtInWar
[INFO] [AnimeWaifuSilent] [Debug] CardModel.Portrait Getter accessed for: WroughtInWar
[INFO] [RegentFemPortraits] [Filter] Setting filter to: LinearWithMipmapsAnisotropic
[INFO] [RegentFemPortraits] [Filter] Setting filter to: LinearWithMipmapsAnisotropic
[INFO] [RegentFemPortraits] [Filter] Setting filter to: LinearWithMipmapsAnisotropic
[INFO] [RegentFemPortraits] [Filter] Setting filter to: LinearWithMipmapsAnisotropic
[INFO] [RegentFemPortraits] [Filter] Setting filter to: LinearWithMipmapsAnisotropic
[INFO] [RegentFemPortraits] [Filter] Setting filter to: LinearWithMipmapsAnisotropic
[INFO] [RegentFemPortraits] [Filter] Setting filter to: LinearWithMipmapsAnisotropic
[INFO] [AnimeWaifuSilent] [Debug] CardModel.Portrait Getter accessed for: CelestialMight
[INFO] [AnimeWaifuSilent] [Debug] CardModel.Portrait Getter accessed for: CelestialMight
[INFO] [AnimeWaifuSilent] [Debug] CardModel.Portrait Getter accessed for: CelestialMight
[INFO] [RegentFemPortraits] [Filter] Setting filter to: LinearWithMipmapsAnisotropic
[INFO] [RegentFemPortraits] [Filter] Setting filter to: LinearWithMipmapsAnisotropic
[INFO] [RegentFemPortraits] [Filter] Setting filter to: LinearWithMipmapsAnisotropic
[INFO] [RegentFemPortraits] [Filter] Setting filter to: LinearWithMipmapsAnisotropic
[INFO] [RegentFemPortraits] [Filter] Setting filter to: LinearWithMipmapsAnisotropic
[INFO] [RegentFemPortraits] [Filter] Setting filter to: LinearWithMipmapsAnisotropic
[INFO] [RegentFemPortraits] [Filter] Setting filter to: LinearWithMipmapsAnisotropic
[INFO] [AnimeWaifuSilent] [Debug] CardModel.Portrait Getter accessed for: KnowThyPlace
[INFO] [AnimeWaifuSilent] [Debug] CardModel.Portrait Getter accessed for: KnowThyPlace
[INFO] [AnimeWaifuSilent] [Debug] CardModel.Portrait Getter accessed for: KnowThyPlace
[INFO] [AnimeWaifuSilent] [Debug] CardModel.Portrait Getter accessed for: CloakOfStars
[INFO] [AnimeWaifuSilent] [Debug] CardModel.Portrait Getter accessed for: CloakOfStars
[INFO] [AnimeWaifuSilent] [Debug] CardModel.Portrait Getter accessed for: CloakOfStars
[INFO] [RegentFemPortraits] [Filter] Setting filter to: LinearWithMipmapsAnisotropic
[INFO] [RegentFemPortraits] [Filter] Setting filter to: LinearWithMipmapsAnisotropic
[INFO] [RegentFemPortraits] [Filter] Setting filter to: LinearWithMipmapsAnisotropic
[INFO] [RegentFemPortraits] [Filter] Setting filter to: LinearWithMipmapsAnisotropic
[INFO] [RegentFemPortraits] [Filter] Setting filter to: LinearWithMipmapsAnisotropic
[INFO] [RegentFemPortraits] [Filter] Setting filter to: LinearWithMipmapsAnisotropic
[INFO] [RegentFemPortraits] [Filter] Setting filter to: LinearWithMipmapsAnisotropic
[INFO] [AnimeWaifuSilent] [Debug] CardModel.Portrait Getter accessed for: RefineBlade
[INFO] [AnimeWaifuSilent] [Debug] CardModel.Portrait Getter accessed for: RefineBlade
[INFO] [AnimeWaifuSilent] [Debug] CardModel.Portrait Getter accessed for: RefineBlade
[INFO] [RegentFemPortraits] [Filter] Setting filter to: LinearWithMipmapsAnisotropic
[INFO] [RegentFemPortraits] [Filter] Setting filter to: LinearWithMipmapsAnisotropic
[INFO] [RegentFemPortraits] [Filter] Setting filter to: LinearWithMipmapsAnisotropic
[INFO] [RegentFemPortraits] [Filter] Setting filter to: LinearWithMipmapsAnisotropic
[INFO] [RegentFemPortraits] [Filter] Setting filter to: LinearWithMipmapsAnisotropic
[INFO] [RegentFemPortraits] [Filter] Setting filter to: LinearWithMipmapsAnisotropic
[INFO] [RegentFemPortraits] [Filter] Setting filter to: LinearWithMipmapsAnisotropic
[INFO] [AnimeWaifuSilent] [Debug] CardModel.Portrait Getter accessed for: Glow
[INFO] [AnimeWaifuSilent] [Debug] CardModel.Portrait Getter accessed for: Glow
[INFO] [AnimeWaifuSilent] [Debug] CardModel.Portrait Getter accessed for: Glow
[INFO] [RegentFemPortraits] [Filter] Setting filter to: LinearWithMipmapsAnisotropic
[INFO] [RegentFemPortraits] [Filter] Setting filter to: LinearWithMipmapsAnisotropic
[INFO] [RegentFemPortraits] [Filter] Setting filter to: LinearWithMipmapsAnisotropic
[INFO] [RegentFemPortraits] [Filter] Setting filter to: LinearWithMipmapsAnisotropic
[INFO] [RegentFemPortraits] [Filter] Setting filter to: LinearWithMipmapsAnisotropic
[INFO] [RegentFemPortraits] [Filter] Setting filter to: LinearWithMipmapsAnisotropic
[INFO] [RegentFemPortraits] [Filter] Setting filter to: LinearWithMipmapsAnisotropic
[INFO] [AnimeWaifuSilent] [Debug] CardModel.Portrait Getter accessed for: GatherLight
[INFO] [AnimeWaifuSilent] [Debug] CardModel.Portrait Getter accessed for: GatherLight
[INFO] [AnimeWaifuSilent] [Debug] CardModel.Portrait Getter accessed for: GatherLight
[INFO] [RegentFemPortraits] [Filter] Setting filter to: LinearWithMipmapsAnisotropic
[INFO] [RegentFemPortraits] [Filter] Setting filter to: LinearWithMipmapsAnisotropic
[INFO] [RegentFemPortraits] [Filter] Setting filter to: LinearWithMipmapsAnisotropic
[INFO] [RegentFemPortraits] [Filter] Setting filter to: LinearWithMipmapsAnisotropic
[INFO] [RegentFemPortraits] [Filter] Setting filter to: LinearWithMipmapsAnisotropic
[INFO] [RegentFemPortraits] [Filter] Setting filter to: LinearWithMipmapsAnisotropic
[INFO] [RegentFemPortraits] [Filter] Setting filter to: LinearWithMipmapsAnisotropic
[INFO] [AnimeWaifuSilent] [Debug] CardModel.Portrait Getter accessed for: Begone
[INFO] [AnimeWaifuSilent] [Debug] CardModel.Portrait Getter accessed for: Begone
[INFO] [AnimeWaifuSilent] [Debug] CardModel.Portrait Getter accessed for: Begone
[INFO] [RegentFemPortraits] [Filter] Setting filter to: LinearWithMipmapsAnisotropic
[INFO] [RegentFemPortraits] [Filter] Setting filter to: LinearWithMipmapsAnisotropic
[INFO] [RegentFemPortraits] [Filter] Setting filter to: LinearWithMipmapsAnisotropic
[INFO] [RegentFemPortraits] [Filter] Setting filter to: LinearWithMipmapsAnisotropic
[INFO] [RegentFemPortraits] [Filter] Setting filter to: LinearWithMipmapsAnisotropic
[INFO] [RegentFemPortraits] [Filter] Setting filter to: LinearWithMipmapsAnisotropic
[INFO] [RegentFemPortraits] [Filter] Setting filter to: LinearWithMipmapsAnisotropic
[INFO] [AnimeWaifuSilent] [Debug] CardModel.Portrait Getter accessed for: Patter
[INFO] [AnimeWaifuSilent] [Debug] CardModel.Portrait Getter accessed for: Patter
[INFO] [AnimeWaifuSilent] [Debug] CardModel.Portrait Getter accessed for: Patter
[INFO] [RegentFemPortraits] [Filter] Setting filter to: LinearWithMipmapsAnisotropic
[INFO] [RegentFemPortraits] [Filter] Setting filter to: LinearWithMipmapsAnisotropic
[INFO] [RegentFemPortraits] [Filter] Setting filter to: LinearWithMipmapsAnisotropic
[INFO] [RegentFemPortraits] [Filter] Setting filter to: LinearWithMipmapsAnisotropic
[INFO] [RegentFemPortraits] [Filter] Setting filter to: LinearWithMipmapsAnisotropic
[INFO] [RegentFemPortraits] [Filter] Setting filter to: LinearWithMipmapsAnisotropic
[INFO] [RegentFemPortraits] [Filter] Setting filter to: LinearWithMipmapsAnisotropic
[INFO] [AnimeWaifuSilent] [Debug] CardModel.Portrait Getter accessed for: HiddenCache
[INFO] [AnimeWaifuSilent] [Debug] CardModel.Portrait Getter accessed for: HiddenCache
[INFO] [AnimeWaifuSilent] [Debug] CardModel.Portrait Getter accessed for: HiddenCache
[INFO] [AnimeWaifuSilent] [Debug] CardModel.Portrait Getter accessed for: CosmicIndifference
[INFO] [AnimeWaifuSilent] [Debug] CardModel.Portrait Getter accessed for: CosmicIndifference
[INFO] [AnimeWaifuSilent] [Debug] CardModel.Portrait Getter accessed for: CosmicIndifference
[INFO] [RegentFemPortraits] [Filter] Setting filter to: LinearWithMipmapsAnisotropic
[INFO] [RegentFemPortraits] [Filter] Setting filter to: LinearWithMipmapsAnisotropic
[INFO] [RegentFemPortraits] [Filter] Setting filter to: LinearWithMipmapsAnisotropic
[INFO] [RegentFemPortraits] [Filter] Setting filter to: LinearWithMipmapsAnisotropic
[INFO] [RegentFemPortraits] [Filter] Setting filter to: LinearWithMipmapsAnisotropic
[INFO] [RegentFemPortraits] [Filter] Setting filter to: LinearWithMipmapsAnisotropic
[INFO] [RegentFemPortraits] [Filter] Setting filter to: LinearWithMipmapsAnisotropic
[INFO] [AnimeWaifuSilent] [Debug] CardModel.Portrait Getter accessed for: SpoilsOfBattle
[INFO] [AnimeWaifuSilent] [Debug] CardModel.Portrait Getter accessed for: SpoilsOfBattle
[INFO] [AnimeWaifuSilent] [Debug] CardModel.Portrait Getter accessed for: SpoilsOfBattle
[INFO] [AnimeWaifuSilent] [Debug] CardModel.Portrait Getter accessed for: Glitterstream
[INFO] [AnimeWaifuSilent] [Debug] CardModel.Portrait Getter accessed for: Glitterstream
[INFO] [AnimeWaifuSilent] [Debug] CardModel.Portrait Getter accessed for: Glitterstream
[INFO] [AnimeWaifuSilent] [Debug] CardModel.Portrait Getter accessed for: Radiate
[INFO] [AnimeWaifuSilent] [Debug] CardModel.Portrait Getter accessed for: Radiate
[INFO] [AnimeWaifuSilent] [Debug] CardModel.Portrait Getter accessed for: Radiate
[INFO] [RegentFemPortraits] [Filter] Setting filter to: LinearWithMipmapsAnisotropic
[INFO] [RegentFemPortraits] [Filter] Setting filter to: LinearWithMipmapsAnisotropic
[INFO] [RegentFemPortraits] [Filter] Setting filter to: LinearWithMipmapsAnisotropic
[INFO] [RegentFemPortraits] [Filter] Setting filter to: LinearWithMipmapsAnisotropic
[INFO] [RegentFemPortraits] [Filter] Setting filter to: LinearWithMipmapsAnisotropic
[INFO] [RegentFemPortraits] [Filter] Setting filter to: LinearWithMipmapsAnisotropic
[INFO] [RegentFemPortraits] [Filter] Setting filter to: LinearWithMipmapsAnisotropic
[INFO] [AnimeWaifuSilent] [Debug] CardModel.Portrait Getter accessed for: SovereignBlade
[INFO] [AnimeWaifuSilent] [Debug] CardModel.Portrait Getter accessed for: SovereignBlade
[INFO] [AnimeWaifuSilent] [Debug] CardModel.Portrait Getter accessed for: SovereignBlade
[INFO] [RegentFemPortraits] [Filter] Setting filter to: LinearWithMipmapsAnisotropic
[INFO] [RegentFemPortraits] [Filter] Setting filter to: LinearWithMipmapsAnisotropic
[INFO] [RegentFemPortraits] [Filter] Setting filter to: LinearWithMipmapsAnisotropic
[INFO] [RegentFemPortraits] [Filter] Setting filter to: LinearWithMipmapsAnisotropic
[INFO] [RegentFemPortraits] [Filter] Setting filter to: LinearWithMipmapsAnisotropic
[INFO] [RegentFemPortraits] [Filter] Setting filter to: LinearWithMipmapsAnisotropic
[INFO] [RegentFemPortraits] [Filter] Setting filter to: LinearWithMipmapsAnisotropic
[INFO] Quit button pressed
[INFO] Quit confirmed
[INFO] [BaseLib] NGame.Quit(): saving all ModConfigs
[INFO] NGame.Quit called
[INFO] Wrote 2634 bytes to path=user://steam/76561198992343893/settings.save save_dir=user://steam/76561198992343893
[INFO] Wrote 2634 bytes to settings.save in steam remote store
[INFO] Wrote 299 bytes to path=user://steam/76561198992343893/modded/profile1\saves\prefs.save save_dir=user://steam/76561198992343893
[INFO] Wrote 299 bytes to modded/profile1/saves/prefs.save in steam remote store
[INFO] Wrote 54697 bytes to path=user://steam/76561198992343893/modded/profile1\saves\progress.save save_dir=user://steam/76561198992343893
[INFO] Wrote 54697 bytes to modded/profile1/saves/progress.save in steam remote store
[INFO] Wrote 52 bytes to path=user://steam/76561198992343893/profile.save save_dir=user://steam/76561198992343893
[INFO] Wrote 52 bytes to profile.save in steam remote store
[INFO] Steamworks: shutting down...
[INFO] Steamworks shutdown succeeded!
FMOD Sound System: System released
WARNING: 1950 RIDs of type "CanvasItem" were leaked.
   at: _free_rids (servers/rendering/renderer_canvas_cull.cpp:2678)
ERROR: 1 RID allocations of type 'N26RendererEnvironmentStorage11EnvironmentE' were leaked at exit.
ERROR: 5 shaders of type CanvasShaderRD were never freed
   at: ~ShaderRD (servers/rendering/renderer_rd/shader_rd.cpp:1044)
ERROR: 50 RID allocations of type 'N10RendererRD16ParticlesStorage9ParticlesE' were leaked at exit.
ERROR: 1 shaders of type ParticlesShaderRD were never freed
   at: ~ShaderRD (servers/rendering/renderer_rd/shader_rd.cpp:1044)
ERROR: 50 RID allocations of type 'N10RendererRD11MeshStorage4MeshE' were leaked at exit.
ERROR: 109 RID allocations of type 'N10RendererRD15MaterialStorage8MaterialE' were leaked at exit.
ERROR: 6 RID allocations of type 'N10RendererRD15MaterialStorage6ShaderE' were leaked at exit.
ERROR: 233 RID allocations of type 'N10RendererRD14TextureStorage7TextureE' were leaked at exit.
WARNING: 213 RIDs of type "UniformBuffer" were leaked.
   at: _free_rids (servers/rendering/rendering_device.cpp:6981)
WARNING: 462 RIDs of type "Texture" were leaked.
   at: finalize (servers/rendering/rendering_device.cpp:7191)
ERROR: 885 RID allocations of type 'PN18TextServerAdvanced22ShapedTextDataAdvancedE' were leaked at exit.
ERROR: 6 RID allocations of type 'PN18TextServerAdvanced12FontAdvancedE' were leaked at exit.
WARNING: ObjectDB instances leaked at exit (run with --verbose for details).
   at: cleanup (core/object/object.cpp:2514)
ERROR: 259 resources still in use at exit (run with --verbose for details).
   at: clear (core/io/resource.cpp:795)
